[master (root-commit) 77a231a] Make IRCclient
 Committer: CS24000 Account <cs240@data.cs.purdue.edu>
Your name and email address were configured automatically based
on your username and hostname. Please check that they are accurate.
You can suppress this message by setting them explicitly:

    git config --global user.name "Your Name"
    git config --global user.email you@example.com

After doing this, you may fix the identity used for this commit with:

    git commit --amend --reset-author

 15 files changed, 880 insertions(+)
 create mode 100644 .local.git.out
 create mode 100644 Makefile
 create mode 100755 TestIRCServer
 create mode 100644 TestIRCServer.c
 create mode 100755 entry
 create mode 100644 entry.c
 create mode 100755 hello
 create mode 100644 hello.c
 create mode 100755 panned
 create mode 100644 panned.c
 create mode 100755 radio
 create mode 100644 radio.c
 create mode 100644 talk-client.c
 create mode 100755 timer
 create mode 100644 timer.c
[master 9aa14c0] Make IRCclient
 Committer: CS24000 Account <cs240@data.cs.purdue.edu>
Your name and email address were configured automatically based
on your username and hostname. Please check that they are accurate.
You can suppress this message by setting them explicitly:

    git config --global user.name "Your Name"
    git config --global user.email you@example.com

After doing this, you may fix the identity used for this commit with:

    git commit --amend --reset-author

 1 file changed, 29 insertions(+)
[master cb98c5e] Make IRCclient
 Committer: CS24000 Account <cs240@data.cs.purdue.edu>
Your name and email address were configured automatically based
on your username and hostname. Please check that they are accurate.
You can suppress this message by setting them explicitly:

    git config --global user.name "Your Name"
    git config --global user.email you@example.com

After doing this, you may fix the identity used for this commit with:

    git commit --amend --reset-author

 1 file changed, 14 insertions(+)
[master 4267a97] Make IRCclient
 Committer: CS24000 Account <cs240@data.cs.purdue.edu>
Your name and email address were configured automatically based
on your username and hostname. Please check that they are accurate.
You can suppress this message by setting them explicitly:

    git config --global user.name "Your Name"
    git config --global user.email you@example.com

After doing this, you may fix the identity used for this commit with:

    git commit --amend --reset-author

 4 files changed, 167 insertions(+), 2 deletions(-)
 create mode 100755 IRCClient
 create mode 100644 IRCClient.cc
[master 6afcf58] Make IRCclient
 Committer: CS24000 Account <cs240@lore.cs.purdue.edu>
Your name and email address were configured automatically based
on your username and hostname. Please check that they are accurate.
You can suppress this message by setting them explicitly. Run the
following command and follow the instructions in your editor to edit
your configuration file:

    git config --global --edit

After doing this, you may fix the identity used for this commit with:

    git commit --amend --reset-author

 1 file changed, 16 insertions(+)
[master c521ccd] Make IRCclient
 Committer: CS24000 Account <cs240@data.cs.purdue.edu>
Your name and email address were configured automatically based
on your username and hostname. Please check that they are accurate.
You can suppress this message by setting them explicitly:

    git config --global user.name "Your Name"
    git config --global user.email you@example.com

After doing this, you may fix the identity used for this commit with:

    git commit --amend --reset-author

 1 file changed, 15 insertions(+)
[master c99f0a0] Make IRCclient
 Committer: CS24000 Account <cs240@data.cs.purdue.edu>
Your name and email address were configured automatically based
on your username and hostname. Please check that they are accurate.
You can suppress this message by setting them explicitly:

    git config --global user.name "Your Name"
    git config --global user.email you@example.com

After doing this, you may fix the identity used for this commit with:

    git commit --amend --reset-author

 4 files changed, 189 insertions(+), 2 deletions(-)
 create mode 100755 IRCClientTimer
 create mode 100644 IRCClientTimer.cc
[master 2c499f1] Make IRCclient
 9 files changed, 16 insertions(+)
 rewrite IRCClient (81%)
 rewrite IRCClientTimer (83%)
 rewrite TestIRCServer (61%)
 rewrite entry (77%)
 rewrite panned (83%)
 rewrite timer (72%)
[master b1f533c] Make IRCclient
 1 file changed, 8 insertions(+)
[master 1b1073c] Make IRCclient
 2 files changed, 39 insertions(+), 2 deletions(-)
[master 853b05b] Make IRCclient
 3 files changed, 45 insertions(+), 14 deletions(-)
 rewrite IRCClient (88%)
[master e0f60fc] Make IRCclient
 3 files changed, 33 insertions(+), 2 deletions(-)
 rewrite IRCClient (86%)
[master f174ccc] Make IRCclient
 3 files changed, 37 insertions(+), 2 deletions(-)
 rewrite IRCClient (77%)
[master 47a3565] Make IRCclient
 3 files changed, 192 insertions(+), 1 deletion(-)
 rewrite IRCClient (93%)
[master b86f16e] Make IRCclient
 3 files changed, 137 insertions(+), 34 deletions(-)
 rewrite IRCClient (96%)
[master c64cf00] Make IRCclient
 3 files changed, 4 insertions(+), 1 deletion(-)
[master 74708f1] Make IRCclient
 3 files changed, 4 insertions(+), 2 deletions(-)
[master 5f0430c] Make IRCclient
 3 files changed, 8 insertions(+), 3 deletions(-)
[master b4e74b0] Make IRCclient
 3 files changed, 2 insertions(+), 1 deletion(-)
[master ba08a4d] Make IRCclient
 3 files changed, 4 insertions(+), 2 deletions(-)
[master 8c0e6e8] Make IRCclient
 3 files changed, 7 insertions(+), 7 deletions(-)
 rewrite IRCClient (74%)
[master 1bfdf96] Make IRCclient
 3 files changed, 4 insertions(+), 1 deletion(-)
[master 452d9ba] Make IRCclient
 1 file changed, 2 insertions(+)
