CS240: lab8. cs240 Sun Mar 5 11:52:48 EST 2017  Total:  0 of 100

CS240: lab8. cs240 Sun Mar 5 11:53:41 EST 2017  Total:  80 of 100

CS240: lab8. cs240 Sun Mar 5 11:53:55 EST 2017  Total:  80 of 100

CS240: lab8. cs240 Sun Mar 5 11:55:22 EST 2017  Total:  0 of 100

CS240: lab8. cs240 Sun Mar 5 12:01:21 EST 2017  Total:  0 of 100

CS240: lab8. brow1325 Fri Mar 10 13:53:59 EST 2017  Total:  0 of 100

CS240: lab8. brow1325 Fri Mar 10 13:59:54 EST 2017  Total:  0 of 100

CS240: lab8. brow1325 Fri Mar 10 14:06:07 EST 2017  Total:  0 of 100

CS240: lab8. brow1325 Fri Mar 10 14:11:36 EST 2017  Total:  0 of 100

CS240: lab8. brow1325 Fri Mar 10 14:18:39 EST 2017  Total:  0 of 100

CS240: lab8. brow1325 Fri Mar 10 14:19:53 EST 2017  Total:  0 of 100

CS240: lab8. brow1325 Fri Mar 10 14:20:59 EST 2017  Total:  0 of 100

CS240: lab8. brow1325 Wed Mar 29 21:47:29 EDT 2017  Total:  0 of 100

CS240: lab8. brow1325 Thu Mar 30 22:20:38 EDT 2017  Total:  80 of 100

CS240: lab8. brow1325 Thu Mar 30 22:22:47 EDT 2017  Total:  80 of 100

CS240: lab8. brow1325 Thu Mar 30 22:29:59 EDT 2017  Total:  80 of 100

CS240: lab8. brow1325 Thu Mar 30 22:47:39 EDT 2017  Total:  80 of 100

CS240: lab8. brow1325 Thu Mar 30 22:48:24 EDT 2017  Total:  80 of 100

CS240: lab8. brow1325 Thu Mar 30 22:48:51 EDT 2017  Total:  80 of 100

CS240: lab8. brow1325 Thu Mar 30 22:49:44 EDT 2017  Total:  80 of 100

CS240: lab8. brow1325 Thu Mar 30 22:50:24 EDT 2017  Total:  80 of 100

CS240: lab8. brow1325 Thu Mar 30 22:54:40 EDT 2017  Total:  100 of 100

CS240: lab8. brow1325 Fri Mar 31 13:40:49 EDT 2017  Total:  100 of 100

