

-------------------------------------------------
CS240: lab7. cs240   
Sun Mar 26 14:55:47 EDT 2017
-------------------------------------------------
TestStack test1                     : 0   of 10 
TestMyString test1                  : 0   of 2  
TestMyString test2                  : 0   of 2  
TestMyString test3                  : 0   of 2  
TestMyString test4                  : 3   of 3  
TestMyString test5                  : 0   of 3  
TestMyString test6                  : 0   of 3  
TestMyString test7                  : 0   of 3  
TestMyString test8                  : 0   of 3  
TestMyString test9                  : 0   of 3  
TestMyString test10                 : 0   of 3  
TestMyString test11                 : 0   of 3  
-------------------------------------------------
CS240: lab7. cs240 Sun Mar 26 14:55:47 EDT 2017  Total:  3 of 40



-------------------------------------------------
CS240: lab7. cs240   
Sun Mar 26 15:54:54 EDT 2017
-------------------------------------------------
TestStack test1                     : 0   of 10 
TestMyString test1                  : 0   of 2  
TestMyString test2                  : 0   of 2  
TestMyString test3                  : 0   of 2  
TestMyString test4                  : 3   of 3  
TestMyString test5                  : 0   of 3  
TestMyString test6                  : 0   of 3  
TestMyString test7                  : 0   of 3  
TestMyString test8                  : 0   of 3  
TestMyString test9                  : 0   of 3  
TestMyString test10                 : 0   of 3  
TestMyString test11                 : 0   of 3  
-------------------------------------------------
CS240: lab7. cs240 Sun Mar 26 15:54:54 EDT 2017  Total:  3 of 40



-------------------------------------------------
CS240: lab9. cs240   
Sun Mar 26 15:57:43 EDT 2017
-------------------------------------------------
TestStack test1                     : 0   of 20 
TestMyString test1                  : 0   of 2  
TestMyString test2                  : 0   of 2  
TestMyString test3                  : 0   of 2  
TestMyString test4                  : 3   of 3  
TestMyString test5                  : 0   of 3  
TestMyString test6                  : 0   of 3  
TestMyString test7                  : 0   of 3  
TestMyString test8                  : 0   of 3  
TestMyString test9                  : 0   of 3  
TestMyString test10                 : 0   of 3  
TestMyString test11                 : 0   of 3  
TestDLList test1                    : 0   of 10 
TestDLList test2                    : 0   of 10 
TestDLList test3                    : 0   of 10 
TestDLList test4                    : 0   of 10 
TestDLList test5                    : 0   of 10 
-------------------------------------------------
CS240: lab9. cs240 Sun Mar 26 15:57:43 EDT 2017  Total:  3 of 100



-------------------------------------------------
CS240: lab9. cs240   
Sun Mar 26 16:06:56 EDT 2017
-------------------------------------------------
TestStack test1                     : 0   of 20 
TestMyString test1                  : 0   of 2  
TestMyString test2                  : 0   of 2  
TestMyString test3                  : 0   of 2  
TestMyString test4                  : 3   of 3  
TestMyString test5                  : 0   of 3  
TestMyString test6                  : 0   of 3  
TestMyString test7                  : 0   of 3  
TestMyString test8                  : 0   of 3  
TestMyString test9                  : 0   of 3  
TestMyString test10                 : 0   of 3  
TestMyString test11                 : 0   of 3  
TestDLList test1                    : 0   of 10 
TestDLList test2                    : 0   of 10 
TestDLList test3                    : 0   of 10 
TestDLList test4                    : 0   of 10 
TestDLList test5                    : 0   of 10 
-------------------------------------------------
CS240: lab9. cs240 Sun Mar 26 16:06:56 EDT 2017  Total:  3 of 100



-------------------------------------------------
CS240: lab9. cs240   
Sun Mar 26 16:07:06 EDT 2017
-------------------------------------------------
TestStack test1                     : 0   of 20 
TestMyString test1                  : 0   of 2  
TestMyString test2                  : 0   of 2  
TestMyString test3                  : 0   of 2  
TestMyString test4                  : 3   of 3  
TestMyString test5                  : 0   of 3  
TestMyString test6                  : 0   of 3  
TestMyString test7                  : 0   of 3  
TestMyString test8                  : 0   of 3  
TestMyString test9                  : 0   of 3  
TestMyString test10                 : 0   of 3  
TestMyString test11                 : 0   of 3  
TestDLList test1                    : 0   of 10 
TestDLList test2                    : 0   of 10 
TestDLList test3                    : 0   of 10 
TestDLList test4                    : 0   of 10 
TestDLList test5                    : 0   of 10 
-------------------------------------------------
CS240: lab9. cs240 Sun Mar 26 16:07:06 EDT 2017  Total:  3 of 100



-------------------------------------------------
CS240: lab9. cs240   
Sun Mar 26 16:07:46 EDT 2017
-------------------------------------------------
TestStack test1                     : 0   of 20 
TestMyString test1                  : 0   of 2  
TestMyString test2                  : 0   of 2  
TestMyString test3                  : 0   of 2  
TestMyString test4                  : 3   of 3  
TestMyString test5                  : 0   of 3  
TestMyString test6                  : 0   of 3  
TestMyString test7                  : 0   of 3  
TestMyString test8                  : 0   of 3  
TestMyString test9                  : 0   of 3  
TestMyString test10                 : 0   of 3  
TestMyString test11                 : 0   of 3  
TestDLList test1                    : 0   of 10 
TestDLList test2                    : 0   of 10 
TestDLList test3                    : 0   of 10 
TestDLList test4                    : 0   of 10 
TestDLList test5                    : 0   of 10 
-------------------------------------------------
CS240: lab9. cs240 Sun Mar 26 16:07:46 EDT 2017  Total:  3 of 100



-------------------------------------------------
CS240: lab9. brow1325   
Fri Mar 31 13:44:00 EDT 2017
-------------------------------------------------
TestStack test1                     : 20  of 20 
TestMyString test1                  : 0   of 2  
TestMyString test2                  : 0   of 2  
TestMyString test3                  : 0   of 2  
TestMyString test4                  : 3   of 3  
TestMyString test5                  : 0   of 3  
TestMyString test6                  : 0   of 3  
TestMyString test7                  : 0   of 3  
TestMyString test8                  : 0   of 3  
TestMyString test9                  : 0   of 3  
TestMyString test10                 : 0   of 3  
TestMyString test11                 : 0   of 3  
TestDLList test1                    : 0   of 10 
TestDLList test2                    : 0   of 10 
TestDLList test3                    : 0   of 10 
TestDLList test4                    : 0   of 10 
TestDLList test5                    : 0   of 10 
-------------------------------------------------
CS240: lab9. brow1325 Fri Mar 31 13:44:00 EDT 2017  Total:  23 of 100



-------------------------------------------------
CS240: lab9. brow1325   
Thu Apr  6 20:31:27 EDT 2017
-------------------------------------------------
TestStack test1                     : 20  of 20 
TestMyString test1                  : 0   of 2  
TestMyString test2                  : 0   of 2  
TestMyString test3                  : 0   of 2  
TestMyString test4                  : 3   of 3  
TestMyString test5                  : 0   of 3  
TestMyString test6                  : 0   of 3  
TestMyString test7                  : 0   of 3  
TestMyString test8                  : 0   of 3  
TestMyString test9                  : 0   of 3  
TestMyString test10                 : 0   of 3  
TestMyString test11                 : 0   of 3  
TestDLList test1                    : 0   of 10 
TestDLList test2                    : 0   of 10 
TestDLList test3                    : 0   of 10 
TestDLList test4                    : 0   of 10 
TestDLList test5                    : 0   of 10 
-------------------------------------------------
CS240: lab9. brow1325 Thu Apr 6 20:31:27 EDT 2017  Total:  23 of 100



-------------------------------------------------
CS240: lab9. brow1325   
Thu Apr  6 20:38:53 EDT 2017
-------------------------------------------------
TestStack test1                     : 20  of 20 
TestMyString test1                  : 0   of 2  
TestMyString test2                  : 0   of 2  
TestMyString test3                  : 0   of 2  
TestMyString test4                  : 3   of 3  
TestMyString test5                  : 0   of 3  
TestMyString test6                  : 0   of 3  
TestMyString test7                  : 0   of 3  
TestMyString test8                  : 0   of 3  
TestMyString test9                  : 0   of 3  
TestMyString test10                 : 0   of 3  
TestMyString test11                 : 0   of 3  
TestDLList test1                    : 0   of 10 
TestDLList test2                    : 0   of 10 
TestDLList test3                    : 0   of 10 
TestDLList test4                    : 0   of 10 
TestDLList test5                    : 0   of 10 
-------------------------------------------------
CS240: lab9. brow1325 Thu Apr 6 20:38:53 EDT 2017  Total:  23 of 100



-------------------------------------------------
CS240: lab9. brow1325   
Thu Apr  6 20:45:04 EDT 2017
-------------------------------------------------
TestStack test1                     : 20  of 20 
TestMyString test1                  : 0   of 2  
TestMyString test2                  : 0   of 2  
TestMyString test3                  : 0   of 2  
TestMyString test4                  : 3   of 3  
TestMyString test5                  : 0   of 3  
TestMyString test6                  : 0   of 3  
TestMyString test7                  : 0   of 3  
TestMyString test8                  : 0   of 3  
TestMyString test9                  : 0   of 3  
TestMyString test10                 : 0   of 3  
TestMyString test11                 : 0   of 3  
TestDLList test1                    : 0   of 10 
TestDLList test2                    : 0   of 10 
TestDLList test3                    : 0   of 10 
TestDLList test4                    : 0   of 10 
TestDLList test5                    : 0   of 10 
-------------------------------------------------
CS240: lab9. brow1325 Thu Apr 6 20:45:04 EDT 2017  Total:  23 of 100



-------------------------------------------------
CS240: lab9. brow1325   
Thu Apr  6 20:47:15 EDT 2017
-------------------------------------------------
TestStack test1                     : 20  of 20 
TestMyString test1                  : 0   of 2  
TestMyString test2                  : 0   of 2  
TestMyString test3                  : 0   of 2  
TestMyString test4                  : 3   of 3  
TestMyString test5                  : 0   of 3  
TestMyString test6                  : 0   of 3  
TestMyString test7                  : 0   of 3  
TestMyString test8                  : 0   of 3  
TestMyString test9                  : 0   of 3  
TestMyString test10                 : 0   of 3  
TestMyString test11                 : 0   of 3  
TestDLList test1                    : 0   of 10 
TestDLList test2                    : 0   of 10 
TestDLList test3                    : 0   of 10 
TestDLList test4                    : 0   of 10 
TestDLList test5                    : 0   of 10 
-------------------------------------------------
CS240: lab9. brow1325 Thu Apr 6 20:47:15 EDT 2017  Total:  23 of 100



-------------------------------------------------
CS240: lab9. brow1325   
Thu Apr  6 20:56:45 EDT 2017
-------------------------------------------------
TestStack test1                     : 20  of 20 
TestMyString test1                  : 2   of 2  
TestMyString test2                  : 2   of 2  
TestMyString test3                  : 2   of 2  
TestMyString test4                  : 3   of 3  
TestMyString test5                  : 0   of 3  
TestMyString test6                  : 0   of 3  
TestMyString test7                  : 0   of 3  
TestMyString test8                  : 0   of 3  
TestMyString test9                  : 0   of 3  
TestMyString test10                 : 0   of 3  
TestMyString test11                 : 0   of 3  
TestDLList test1                    : 0   of 10 
TestDLList test2                    : 0   of 10 
TestDLList test3                    : 0   of 10 
TestDLList test4                    : 0   of 10 
TestDLList test5                    : 0   of 10 
-------------------------------------------------
CS240: lab9. brow1325 Thu Apr 6 20:56:45 EDT 2017  Total:  29 of 100



-------------------------------------------------
CS240: lab9. brow1325   
Thu Apr  6 21:03:36 EDT 2017
-------------------------------------------------
TestStack test1                     : 20  of 20 
TestMyString test1                  : 2   of 2  
TestMyString test2                  : 2   of 2  
TestMyString test3                  : 2   of 2  
TestMyString test4                  : 3   of 3  
TestMyString test5                  : 0   of 3  
TestMyString test6                  : 0   of 3  
TestMyString test7                  : 0   of 3  
TestMyString test8                  : 0   of 3  
TestMyString test9                  : 0   of 3  
TestMyString test10                 : 0   of 3  
TestMyString test11                 : 0   of 3  
TestDLList test1                    : 0   of 10 
TestDLList test2                    : 0   of 10 
TestDLList test3                    : 0   of 10 
TestDLList test4                    : 0   of 10 
TestDLList test5                    : 0   of 10 
-------------------------------------------------
CS240: lab9. brow1325 Thu Apr 6 21:03:36 EDT 2017  Total:  29 of 100



-------------------------------------------------
CS240: lab9. brow1325   
Thu Apr  6 21:04:21 EDT 2017
-------------------------------------------------
TestStack test1                     : 20  of 20 
TestMyString test1                  : 2   of 2  
TestMyString test2                  : 2   of 2  
TestMyString test3                  : 2   of 2  
TestMyString test4                  : 3   of 3  
TestMyString test5                  : 3   of 3  
TestMyString test6                  : 3   of 3  
TestMyString test7                  : 0   of 3  
TestMyString test8                  : 0   of 3  
TestMyString test9                  : 0   of 3  
TestMyString test10                 : 0   of 3  
TestMyString test11                 : 0   of 3  
TestDLList test1                    : 0   of 10 
TestDLList test2                    : 0   of 10 
TestDLList test3                    : 0   of 10 
TestDLList test4                    : 0   of 10 
TestDLList test5                    : 0   of 10 
-------------------------------------------------
CS240: lab9. brow1325 Thu Apr 6 21:04:21 EDT 2017  Total:  35 of 100



-------------------------------------------------
CS240: lab9. brow1325   
Thu Apr  6 21:05:50 EDT 2017
-------------------------------------------------
TestStack test1                     : 20  of 20 
TestMyString test1                  : 2   of 2  
TestMyString test2                  : 2   of 2  
TestMyString test3                  : 2   of 2  
TestMyString test4                  : 3   of 3  
TestMyString test5                  : 3   of 3  
TestMyString test6                  : 3   of 3  
TestMyString test7                  : 0   of 3  
TestMyString test8                  : 0   of 3  
TestMyString test9                  : 0   of 3  
TestMyString test10                 : 0   of 3  
TestMyString test11                 : 0   of 3  
TestDLList test1                    : 0   of 10 
TestDLList test2                    : 0   of 10 
TestDLList test3                    : 0   of 10 
TestDLList test4                    : 0   of 10 
TestDLList test5                    : 0   of 10 
-------------------------------------------------
CS240: lab9. brow1325 Thu Apr 6 21:05:50 EDT 2017  Total:  35 of 100



-------------------------------------------------
CS240: lab9. brow1325   
Thu Apr  6 21:06:43 EDT 2017
-------------------------------------------------
TestStack test1                     : 20  of 20 
TestMyString test1                  : 2   of 2  
TestMyString test2                  : 2   of 2  
TestMyString test3                  : 2   of 2  
TestMyString test4                  : 3   of 3  
TestMyString test5                  : 3   of 3  
TestMyString test6                  : 3   of 3  
TestMyString test7                  : 0   of 3  
TestMyString test8                  : 0   of 3  
TestMyString test9                  : 0   of 3  
TestMyString test10                 : 0   of 3  
TestMyString test11                 : 0   of 3  
TestDLList test1                    : 0   of 10 
TestDLList test2                    : 0   of 10 
TestDLList test3                    : 0   of 10 
TestDLList test4                    : 0   of 10 
TestDLList test5                    : 0   of 10 
-------------------------------------------------
CS240: lab9. brow1325 Thu Apr 6 21:06:43 EDT 2017  Total:  35 of 100



-------------------------------------------------
CS240: lab9. brow1325   
Thu Apr  6 21:07:52 EDT 2017
-------------------------------------------------
TestStack test1                     : 20  of 20 
TestMyString test1                  : 2   of 2  
TestMyString test2                  : 2   of 2  
TestMyString test3                  : 2   of 2  
TestMyString test4                  : 3   of 3  
TestMyString test5                  : 3   of 3  
TestMyString test6                  : 3   of 3  
TestMyString test7                  : 0   of 3  
TestMyString test8                  : 0   of 3  
TestMyString test9                  : 0   of 3  
TestMyString test10                 : 0   of 3  
TestMyString test11                 : 0   of 3  
TestDLList test1                    : 0   of 10 
TestDLList test2                    : 0   of 10 
TestDLList test3                    : 0   of 10 
TestDLList test4                    : 0   of 10 
TestDLList test5                    : 0   of 10 
-------------------------------------------------
CS240: lab9. brow1325 Thu Apr 6 21:07:52 EDT 2017  Total:  35 of 100



-------------------------------------------------
CS240: lab9. brow1325   
Thu Apr  6 21:08:56 EDT 2017
-------------------------------------------------
TestStack test1                     : 20  of 20 
TestMyString test1                  : 2   of 2  
TestMyString test2                  : 2   of 2  
TestMyString test3                  : 2   of 2  
TestMyString test4                  : 3   of 3  
TestMyString test5                  : 3   of 3  
TestMyString test6                  : 3   of 3  
TestMyString test7                  : 0   of 3  
TestMyString test8                  : 0   of 3  
TestMyString test9                  : 0   of 3  
TestMyString test10                 : 0   of 3  
TestMyString test11                 : 0   of 3  
TestDLList test1                    : 0   of 10 
TestDLList test2                    : 0   of 10 
TestDLList test3                    : 0   of 10 
TestDLList test4                    : 0   of 10 
TestDLList test5                    : 0   of 10 
-------------------------------------------------
CS240: lab9. brow1325 Thu Apr 6 21:08:56 EDT 2017  Total:  35 of 100



-------------------------------------------------
CS240: lab9. brow1325   
Thu Apr  6 21:09:12 EDT 2017
-------------------------------------------------
TestStack test1                     : 20  of 20 
TestMyString test1                  : 2   of 2  
TestMyString test2                  : 2   of 2  
TestMyString test3                  : 2   of 2  
TestMyString test4                  : 3   of 3  
TestMyString test5                  : 3   of 3  
TestMyString test6                  : 3   of 3  
TestMyString test7                  : 0   of 3  
TestMyString test8                  : 0   of 3  
TestMyString test9                  : 0   of 3  
TestMyString test10                 : 0   of 3  
TestMyString test11                 : 0   of 3  
TestDLList test1                    : 0   of 10 
TestDLList test2                    : 0   of 10 
TestDLList test3                    : 0   of 10 
TestDLList test4                    : 0   of 10 
TestDLList test5                    : 0   of 10 
-------------------------------------------------
CS240: lab9. brow1325 Thu Apr 6 21:09:12 EDT 2017  Total:  35 of 100



-------------------------------------------------
CS240: lab9. brow1325   
Thu Apr  6 21:09:41 EDT 2017
-------------------------------------------------
TestStack test1                     : 20  of 20 
TestMyString test1                  : 2   of 2  
TestMyString test2                  : 2   of 2  
TestMyString test3                  : 2   of 2  
TestMyString test4                  : 3   of 3  
TestMyString test5                  : 3   of 3  
TestMyString test6                  : 3   of 3  
TestMyString test7                  : 3   of 3  
TestMyString test8                  : 0   of 3  
TestMyString test9                  : 0   of 3  
TestMyString test10                 : 0   of 3  
TestMyString test11                 : 0   of 3  
TestDLList test1                    : 0   of 10 
TestDLList test2                    : 0   of 10 
TestDLList test3                    : 0   of 10 
TestDLList test4                    : 0   of 10 
TestDLList test5                    : 0   of 10 
-------------------------------------------------
CS240: lab9. brow1325 Thu Apr 6 21:09:41 EDT 2017  Total:  38 of 100



-------------------------------------------------
CS240: lab9. brow1325   
Thu Apr  6 21:23:38 EDT 2017
-------------------------------------------------
TestStack test1                     : 20  of 20 
TestMyString test1                  : 2   of 2  
TestMyString test2                  : 2   of 2  
TestMyString test3                  : 2   of 2  
TestMyString test4                  : 3   of 3  
TestMyString test5                  : 3   of 3  
TestMyString test6                  : 3   of 3  
TestMyString test7                  : 3   of 3  
TestMyString test8                  : 0   of 3  
TestMyString test9                  : 0   of 3  
TestMyString test10                 : 0   of 3  
TestMyString test11                 : 0   of 3  
TestDLList test1                    : 0   of 10 
TestDLList test2                    : 0   of 10 
TestDLList test3                    : 0   of 10 
TestDLList test4                    : 0   of 10 
TestDLList test5                    : 0   of 10 
-------------------------------------------------
CS240: lab9. brow1325 Thu Apr 6 21:23:38 EDT 2017  Total:  38 of 100



-------------------------------------------------
CS240: lab9. brow1325   
Thu Apr  6 21:32:32 EDT 2017
-------------------------------------------------
TestStack test1                     : 20  of 20 
TestMyString test1                  : 2   of 2  
TestMyString test2                  : 2   of 2  
TestMyString test3                  : 2   of 2  
TestMyString test4                  : 3   of 3  
TestMyString test5                  : 3   of 3  
TestMyString test6                  : 3   of 3  
TestMyString test7                  : 3   of 3  
TestMyString test8                  : 0   of 3  
TestMyString test9                  : 0   of 3  
TestMyString test10                 : 0   of 3  
TestMyString test11                 : 3   of 3  
TestDLList test1                    : 0   of 10 
TestDLList test2                    : 0   of 10 
TestDLList test3                    : 0   of 10 
TestDLList test4                    : 0   of 10 
TestDLList test5                    : 0   of 10 
-------------------------------------------------
CS240: lab9. brow1325 Thu Apr 6 21:32:32 EDT 2017  Total:  41 of 100



-------------------------------------------------
CS240: lab9. brow1325   
Thu Apr  6 21:36:18 EDT 2017
-------------------------------------------------
TestStack test1                     : 20  of 20 
TestMyString test1                  : 2   of 2  
TestMyString test2                  : 2   of 2  
TestMyString test3                  : 2   of 2  
TestMyString test4                  : 3   of 3  
TestMyString test5                  : 3   of 3  
TestMyString test6                  : 3   of 3  
TestMyString test7                  : 3   of 3  
TestMyString test8                  : 3   of 3  
TestMyString test9                  : 3   of 3  
TestMyString test10                 : 0   of 3  
TestMyString test11                 : 3   of 3  
TestDLList test1                    : 0   of 10 
TestDLList test2                    : 0   of 10 
TestDLList test3                    : 0   of 10 
TestDLList test4                    : 0   of 10 
TestDLList test5                    : 0   of 10 
-------------------------------------------------
CS240: lab9. brow1325 Thu Apr 6 21:36:18 EDT 2017  Total:  47 of 100



-------------------------------------------------
CS240: lab9. brow1325   
Thu Apr  6 21:49:42 EDT 2017
-------------------------------------------------
TestStack test1                     : 20  of 20 
TestMyString test1                  : 2   of 2  
TestMyString test2                  : 2   of 2  
TestMyString test3                  : 2   of 2  
TestMyString test4                  : 3   of 3  
TestMyString test5                  : 3   of 3  
TestMyString test6                  : 3   of 3  
TestMyString test7                  : 3   of 3  
TestMyString test8                  : 3   of 3  
TestMyString test9                  : 3   of 3  
TestMyString test10                 : 0   of 3  
TestMyString test11                 : 3   of 3  
TestDLList test1                    : 0   of 10 
TestDLList test2                    : 0   of 10 
TestDLList test3                    : 0   of 10 
TestDLList test4                    : 0   of 10 
TestDLList test5                    : 0   of 10 
-------------------------------------------------
CS240: lab9. brow1325 Thu Apr 6 21:49:42 EDT 2017  Total:  47 of 100



-------------------------------------------------
CS240: lab9. brow1325   
Thu Apr  6 22:14:07 EDT 2017
-------------------------------------------------
TestStack test1                     : 20  of 20 
TestMyString test1                  : 2   of 2  
TestMyString test2                  : 2   of 2  
TestMyString test3                  : 2   of 2  
TestMyString test4                  : 3   of 3  
TestMyString test5                  : 3   of 3  
TestMyString test6                  : 3   of 3  
TestMyString test7                  : 3   of 3  
TestMyString test8                  : 3   of 3  
TestMyString test9                  : 3   of 3  
TestMyString test10                 : 0   of 3  
TestMyString test11                 : 3   of 3  
TestDLList test1                    : 0   of 10 
TestDLList test2                    : 0   of 10 
TestDLList test3                    : 0   of 10 
TestDLList test4                    : 0   of 10 
TestDLList test5                    : 0   of 10 
-------------------------------------------------
CS240: lab9. brow1325 Thu Apr 6 22:14:07 EDT 2017  Total:  47 of 100



-------------------------------------------------
CS240: lab9. brow1325   
Thu Apr  6 22:22:44 EDT 2017
-------------------------------------------------
TestStack test1                     : 20  of 20 
TestMyString test1                  : 2   of 2  
TestMyString test2                  : 2   of 2  
TestMyString test3                  : 2   of 2  
TestMyString test4                  : 3   of 3  
TestMyString test5                  : 3   of 3  
TestMyString test6                  : 3   of 3  
TestMyString test7                  : 3   of 3  
TestMyString test8                  : 3   of 3  
TestMyString test9                  : 3   of 3  
TestMyString test10                 : 0   of 3  
TestMyString test11                 : 3   of 3  
TestDLList test1                    : 0   of 10 
TestDLList test2                    : 0   of 10 
TestDLList test3                    : 0   of 10 
TestDLList test4                    : 0   of 10 
TestDLList test5                    : 0   of 10 
-------------------------------------------------
CS240: lab9. brow1325 Thu Apr 6 22:22:44 EDT 2017  Total:  47 of 100



-------------------------------------------------
CS240: lab9. brow1325   
Thu Apr  6 22:27:09 EDT 2017
-------------------------------------------------
TestStack test1                     : 20  of 20 
TestMyString test1                  : 2   of 2  
TestMyString test2                  : 2   of 2  
TestMyString test3                  : 2   of 2  
TestMyString test4                  : 3   of 3  
TestMyString test5                  : 3   of 3  
TestMyString test6                  : 3   of 3  
TestMyString test7                  : 3   of 3  
TestMyString test8                  : 3   of 3  
TestMyString test9                  : 3   of 3  
TestMyString test10                 : 0   of 3  
TestMyString test11                 : 3   of 3  
TestDLList test1                    : 10  of 10 
TestDLList test2                    : 0   of 10 
TestDLList test3                    : 10  of 10 
TestDLList test4                    : 0   of 10 
TestDLList test5                    : 0   of 10 
-------------------------------------------------
CS240: lab9. brow1325 Thu Apr 6 22:27:09 EDT 2017  Total:  67 of 100



-------------------------------------------------
CS240: lab9. brow1325   
Thu Apr  6 22:33:56 EDT 2017
-------------------------------------------------
TestStack test1                     : 20  of 20 
TestMyString test1                  : 2   of 2  
TestMyString test2                  : 2   of 2  
TestMyString test3                  : 2   of 2  
TestMyString test4                  : 3   of 3  
TestMyString test5                  : 3   of 3  
TestMyString test6                  : 3   of 3  
TestMyString test7                  : 3   of 3  
TestMyString test8                  : 3   of 3  
TestMyString test9                  : 3   of 3  
TestMyString test10                 : 0   of 3  
TestMyString test11                 : 3   of 3  
TestDLList test1                    : 10  of 10 
TestDLList test2                    : 0   of 10 
TestDLList test3                    : 10  of 10 
TestDLList test4                    : 0   of 10 
TestDLList test5                    : 0   of 10 
-------------------------------------------------
CS240: lab9. brow1325 Thu Apr 6 22:33:56 EDT 2017  Total:  67 of 100



-------------------------------------------------
CS240: lab9. brow1325   
Thu Apr  6 23:05:11 EDT 2017
-------------------------------------------------
TestStack test1                     : 20  of 20 
TestMyString test1                  : 2   of 2  
TestMyString test2                  : 2   of 2  
TestMyString test3                  : 2   of 2  
TestMyString test4                  : 3   of 3  
TestMyString test5                  : 3   of 3  
TestMyString test6                  : 3   of 3  
TestMyString test7                  : 3   of 3  
TestMyString test8                  : 3   of 3  
TestMyString test9                  : 3   of 3  
TestMyString test10                 : 0   of 3  
TestMyString test11                 : 3   of 3  
TestDLList test1                    : 0   of 10 
TestDLList test2                    : 0   of 10 
TestDLList test3                    : 0   of 10 
TestDLList test4                    : 0   of 10 
TestDLList test5                    : 0   of 10 
-------------------------------------------------
CS240: lab9. brow1325 Thu Apr 6 23:05:11 EDT 2017  Total:  47 of 100



-------------------------------------------------
CS240: lab9. brow1325   
Thu Apr  6 23:05:39 EDT 2017
-------------------------------------------------
TestStack test1                     : 20  of 20 
TestMyString test1                  : 2   of 2  
TestMyString test2                  : 2   of 2  
TestMyString test3                  : 2   of 2  
TestMyString test4                  : 3   of 3  
TestMyString test5                  : 3   of 3  
TestMyString test6                  : 3   of 3  
TestMyString test7                  : 3   of 3  
TestMyString test8                  : 3   of 3  
TestMyString test9                  : 3   of 3  
TestMyString test10                 : 0   of 3  
TestMyString test11                 : 3   of 3  
TestDLList test1                    : 10  of 10 
TestDLList test2                    : 0   of 10 
TestDLList test3                    : 10  of 10 
TestDLList test4                    : 0   of 10 
TestDLList test5                    : 0   of 10 
-------------------------------------------------
CS240: lab9. brow1325 Thu Apr 6 23:05:39 EDT 2017  Total:  67 of 100



-------------------------------------------------
CS240: lab9. brow1325   
Thu Apr  6 23:31:40 EDT 2017
-------------------------------------------------
TestStack test1                     : 20  of 20 
TestMyString test1                  : 2   of 2  
TestMyString test2                  : 2   of 2  
TestMyString test3                  : 2   of 2  
TestMyString test4                  : 3   of 3  
TestMyString test5                  : 3   of 3  
TestMyString test6                  : 3   of 3  
TestMyString test7                  : 3   of 3  
TestMyString test8                  : 3   of 3  
TestMyString test9                  : 3   of 3  
TestMyString test10                 : 0   of 3  
TestMyString test11                 : 3   of 3  
TestDLList test1                    : 10  of 10 
TestDLList test2                    : 0   of 10 
TestDLList test3                    : 10  of 10 
TestDLList test4                    : 0   of 10 
TestDLList test5                    : 0   of 10 
-------------------------------------------------
CS240: lab9. brow1325 Thu Apr 6 23:31:40 EDT 2017  Total:  67 of 100



-------------------------------------------------
CS240: lab9. brow1325   
Thu Apr  6 23:35:42 EDT 2017
-------------------------------------------------
TestStack test1                     : 20  of 20 
TestMyString test1                  : 2   of 2  
TestMyString test2                  : 2   of 2  
TestMyString test3                  : 2   of 2  
TestMyString test4                  : 3   of 3  
TestMyString test5                  : 3   of 3  
TestMyString test6                  : 3   of 3  
TestMyString test7                  : 3   of 3  
TestMyString test8                  : 3   of 3  
TestMyString test9                  : 3   of 3  
TestMyString test10                 : 0   of 3  
TestMyString test11                 : 3   of 3  
TestDLList test1                    : 10  of 10 
TestDLList test2                    : 0   of 10 
TestDLList test3                    : 10  of 10 
TestDLList test4                    : 0   of 10 
TestDLList test5                    : 0   of 10 
-------------------------------------------------
CS240: lab9. brow1325 Thu Apr 6 23:35:42 EDT 2017  Total:  67 of 100



-------------------------------------------------
CS240: lab9. brow1325   
Thu Apr  6 23:37:43 EDT 2017
-------------------------------------------------
TestStack test1                     : 20  of 20 
TestMyString test1                  : 2   of 2  
TestMyString test2                  : 2   of 2  
TestMyString test3                  : 2   of 2  
TestMyString test4                  : 3   of 3  
TestMyString test5                  : 3   of 3  
TestMyString test6                  : 3   of 3  
TestMyString test7                  : 3   of 3  
TestMyString test8                  : 3   of 3  
TestMyString test9                  : 3   of 3  
TestMyString test10                 : 0   of 3  
TestMyString test11                 : 3   of 3  
TestDLList test1                    : 10  of 10 
TestDLList test2                    : 0   of 10 
TestDLList test3                    : 10  of 10 
TestDLList test4                    : 0   of 10 
TestDLList test5                    : 0   of 10 
-------------------------------------------------
CS240: lab9. brow1325 Thu Apr 6 23:37:43 EDT 2017  Total:  67 of 100



-------------------------------------------------
CS240: lab9. brow1325   
Thu Apr  6 23:42:49 EDT 2017
-------------------------------------------------
TestStack test1                     : 20  of 20 
TestMyString test1                  : 2   of 2  
TestMyString test2                  : 2   of 2  
TestMyString test3                  : 2   of 2  
TestMyString test4                  : 3   of 3  
TestMyString test5                  : 3   of 3  
TestMyString test6                  : 3   of 3  
TestMyString test7                  : 3   of 3  
TestMyString test8                  : 3   of 3  
TestMyString test9                  : 3   of 3  
TestMyString test10                 : 0   of 3  
TestMyString test11                 : 3   of 3  
TestDLList test1                    : 10  of 10 
TestDLList test2                    : 0   of 10 
TestDLList test3                    : 10  of 10 
TestDLList test4                    : 0   of 10 
TestDLList test5                    : 0   of 10 
-------------------------------------------------
CS240: lab9. brow1325 Thu Apr 6 23:42:49 EDT 2017  Total:  67 of 100



-------------------------------------------------
CS240: lab9. brow1325   
Thu Apr  6 23:45:17 EDT 2017
-------------------------------------------------
TestStack test1                     : 20  of 20 
TestMyString test1                  : 2   of 2  
TestMyString test2                  : 2   of 2  
TestMyString test3                  : 2   of 2  
TestMyString test4                  : 3   of 3  
TestMyString test5                  : 3   of 3  
TestMyString test6                  : 3   of 3  
TestMyString test7                  : 3   of 3  
TestMyString test8                  : 3   of 3  
TestMyString test9                  : 3   of 3  
TestMyString test10                 : 0   of 3  
TestMyString test11                 : 3   of 3  
TestDLList test1                    : 10  of 10 
TestDLList test2                    : 0   of 10 
TestDLList test3                    : 10  of 10 
TestDLList test4                    : 0   of 10 
TestDLList test5                    : 0   of 10 
-------------------------------------------------
CS240: lab9. brow1325 Thu Apr 6 23:45:17 EDT 2017  Total:  67 of 100



-------------------------------------------------
CS240: lab9. brow1325   
Fri Apr  7 00:34:21 EDT 2017
-------------------------------------------------
TestStack test1                     : 20  of 20 
TestMyString test1                  : 2   of 2  
TestMyString test2                  : 2   of 2  
TestMyString test3                  : 2   of 2  
TestMyString test4                  : 3   of 3  
TestMyString test5                  : 3   of 3  
TestMyString test6                  : 3   of 3  
TestMyString test7                  : 3   of 3  
TestMyString test8                  : 3   of 3  
TestMyString test9                  : 3   of 3  
TestMyString test10                 : 0   of 3  
TestMyString test11                 : 3   of 3  
TestDLList test1                    : 10  of 10 
TestDLList test2                    : 10  of 10 
TestDLList test3                    : 10  of 10 
TestDLList test4                    : 0   of 10 
TestDLList test5                    : 0   of 10 
-------------------------------------------------
CS240: lab9. brow1325 Fri Apr 7 00:34:21 EDT 2017  Total:  77 of 100



-------------------------------------------------
CS240: lab9. brow1325   
Fri Apr  7 00:37:54 EDT 2017
-------------------------------------------------
TestStack test1                     : 20  of 20 
TestMyString test1                  : 2   of 2  
TestMyString test2                  : 2   of 2  
TestMyString test3                  : 2   of 2  
TestMyString test4                  : 3   of 3  
TestMyString test5                  : 3   of 3  
TestMyString test6                  : 3   of 3  
TestMyString test7                  : 3   of 3  
TestMyString test8                  : 3   of 3  
TestMyString test9                  : 3   of 3  
TestMyString test10                 : 0   of 3  
TestMyString test11                 : 3   of 3  
TestDLList test1                    : 0   of 10 
TestDLList test2                    : 0   of 10 
TestDLList test3                    : 0   of 10 
TestDLList test4                    : 0   of 10 
TestDLList test5                    : 0   of 10 
-------------------------------------------------
CS240: lab9. brow1325 Fri Apr 7 00:37:54 EDT 2017  Total:  47 of 100



-------------------------------------------------
CS240: lab9. brow1325   
Fri Apr  7 00:39:20 EDT 2017
-------------------------------------------------
TestStack test1                     : 20  of 20 
TestMyString test1                  : 2   of 2  
TestMyString test2                  : 2   of 2  
TestMyString test3                  : 2   of 2  
TestMyString test4                  : 3   of 3  
TestMyString test5                  : 3   of 3  
TestMyString test6                  : 3   of 3  
TestMyString test7                  : 3   of 3  
TestMyString test8                  : 3   of 3  
TestMyString test9                  : 3   of 3  
TestMyString test10                 : 0   of 3  
TestMyString test11                 : 3   of 3  
TestDLList test1                    : 10  of 10 
TestDLList test2                    : 10  of 10 
TestDLList test3                    : 10  of 10 
TestDLList test4                    : 0   of 10 
TestDLList test5                    : 0   of 10 
-------------------------------------------------
CS240: lab9. brow1325 Fri Apr 7 00:39:20 EDT 2017  Total:  77 of 100



-------------------------------------------------
CS240: lab9. brow1325   
Fri Apr  7 00:41:09 EDT 2017
-------------------------------------------------
TestStack test1                     : 20  of 20 
TestMyString test1                  : 2   of 2  
TestMyString test2                  : 2   of 2  
TestMyString test3                  : 2   of 2  
TestMyString test4                  : 3   of 3  
TestMyString test5                  : 3   of 3  
TestMyString test6                  : 3   of 3  
TestMyString test7                  : 3   of 3  
TestMyString test8                  : 3   of 3  
TestMyString test9                  : 3   of 3  
TestMyString test10                 : 0   of 3  
TestMyString test11                 : 3   of 3  
TestDLList test1                    : 10  of 10 
TestDLList test2                    : 10  of 10 
TestDLList test3                    : 10  of 10 
TestDLList test4                    : 0   of 10 
TestDLList test5                    : 0   of 10 
-------------------------------------------------
CS240: lab9. brow1325 Fri Apr 7 00:41:09 EDT 2017  Total:  77 of 100



-------------------------------------------------
CS240: lab9. brow1325   
Fri Apr  7 00:43:08 EDT 2017
-------------------------------------------------
TestStack test1                     : 20  of 20 
TestMyString test1                  : 2   of 2  
TestMyString test2                  : 2   of 2  
TestMyString test3                  : 2   of 2  
TestMyString test4                  : 3   of 3  
TestMyString test5                  : 3   of 3  
TestMyString test6                  : 3   of 3  
TestMyString test7                  : 3   of 3  
TestMyString test8                  : 3   of 3  
TestMyString test9                  : 3   of 3  
TestMyString test10                 : 0   of 3  
TestMyString test11                 : 3   of 3  
TestDLList test1                    : 10  of 10 
TestDLList test2                    : 10  of 10 
TestDLList test3                    : 10  of 10 
TestDLList test4                    : 0   of 10 
TestDLList test5                    : 0   of 10 
-------------------------------------------------
CS240: lab9. brow1325 Fri Apr 7 00:43:08 EDT 2017  Total:  77 of 100



-------------------------------------------------
CS240: lab9. brow1325   
Fri Apr  7 00:44:32 EDT 2017
-------------------------------------------------
TestStack test1                     : 20  of 20 
TestMyString test1                  : 2   of 2  
TestMyString test2                  : 2   of 2  
TestMyString test3                  : 2   of 2  
TestMyString test4                  : 3   of 3  
TestMyString test5                  : 3   of 3  
TestMyString test6                  : 3   of 3  
TestMyString test7                  : 3   of 3  
TestMyString test8                  : 3   of 3  
TestMyString test9                  : 3   of 3  
TestMyString test10                 : 0   of 3  
TestMyString test11                 : 3   of 3  
TestDLList test1                    : 10  of 10 
TestDLList test2                    : 10  of 10 
TestDLList test3                    : 10  of 10 
TestDLList test4                    : 0   of 10 
TestDLList test5                    : 0   of 10 
-------------------------------------------------
CS240: lab9. brow1325 Fri Apr 7 00:44:32 EDT 2017  Total:  77 of 100



-------------------------------------------------
CS240: lab9. brow1325   
Fri Apr  7 00:47:20 EDT 2017
-------------------------------------------------
TestStack test1                     : 20  of 20 
TestMyString test1                  : 2   of 2  
TestMyString test2                  : 2   of 2  
TestMyString test3                  : 2   of 2  
TestMyString test4                  : 3   of 3  
TestMyString test5                  : 3   of 3  
TestMyString test6                  : 3   of 3  
TestMyString test7                  : 3   of 3  
TestMyString test8                  : 3   of 3  
TestMyString test9                  : 3   of 3  
TestMyString test10                 : 0   of 3  
TestMyString test11                 : 3   of 3  
TestDLList test1                    : 10  of 10 
TestDLList test2                    : 10  of 10 
TestDLList test3                    : 10  of 10 
TestDLList test4                    : 10  of 10 
TestDLList test5                    : 0   of 10 
-------------------------------------------------
CS240: lab9. brow1325 Fri Apr 7 00:47:20 EDT 2017  Total:  87 of 100



-------------------------------------------------
CS240: lab9. brow1325   
Fri Apr  7 00:49:44 EDT 2017
-------------------------------------------------
TestStack test1                     : 20  of 20 
TestMyString test1                  : 2   of 2  
TestMyString test2                  : 2   of 2  
TestMyString test3                  : 2   of 2  
TestMyString test4                  : 3   of 3  
TestMyString test5                  : 3   of 3  
TestMyString test6                  : 3   of 3  
TestMyString test7                  : 3   of 3  
TestMyString test8                  : 3   of 3  
TestMyString test9                  : 3   of 3  
TestMyString test10                 : 0   of 3  
TestMyString test11                 : 3   of 3  
TestDLList test1                    : 10  of 10 
TestDLList test2                    : 10  of 10 
TestDLList test3                    : 10  of 10 
TestDLList test4                    : 10  of 10 
TestDLList test5                    : 10  of 10 
-------------------------------------------------
CS240: lab9. brow1325 Fri Apr 7 00:49:44 EDT 2017  Total:  97 of 100



-------------------------------------------------
CS240: lab9. brow1325   
Fri Apr  7 00:54:20 EDT 2017
-------------------------------------------------
TestStack test1                     : 20  of 20 
TestMyString test1                  : 2   of 2  
TestMyString test2                  : 2   of 2  
TestMyString test3                  : 2   of 2  
TestMyString test4                  : 3   of 3  
TestMyString test5                  : 3   of 3  
TestMyString test6                  : 3   of 3  
TestMyString test7                  : 3   of 3  
TestMyString test8                  : 3   of 3  
TestMyString test9                  : 3   of 3  
TestMyString test10                 : 0   of 3  
TestMyString test11                 : 3   of 3  
TestDLList test1                    : 10  of 10 
TestDLList test2                    : 10  of 10 
TestDLList test3                    : 10  of 10 
TestDLList test4                    : 10  of 10 
TestDLList test5                    : 10  of 10 
-------------------------------------------------
CS240: lab9. brow1325 Fri Apr 7 00:54:20 EDT 2017  Total:  97 of 100



-------------------------------------------------
CS240: lab9. brow1325   
Fri Apr  7 01:00:47 EDT 2017
-------------------------------------------------
TestStack test1                     : 20  of 20 
TestMyString test1                  : 2   of 2  
TestMyString test2                  : 2   of 2  
TestMyString test3                  : 2   of 2  
TestMyString test4                  : 3   of 3  
TestMyString test5                  : 3   of 3  
TestMyString test6                  : 3   of 3  
TestMyString test7                  : 3   of 3  
TestMyString test8                  : 3   of 3  
TestMyString test9                  : 3   of 3  
TestMyString test10                 : 0   of 3  
TestMyString test11                 : 3   of 3  
TestDLList test1                    : 10  of 10 
TestDLList test2                    : 10  of 10 
TestDLList test3                    : 10  of 10 
TestDLList test4                    : 10  of 10 
TestDLList test5                    : 10  of 10 
-------------------------------------------------
CS240: lab9. brow1325 Fri Apr 7 01:00:47 EDT 2017  Total:  97 of 100



-------------------------------------------------
CS240: lab9. brow1325   
Fri Apr  7 01:01:47 EDT 2017
-------------------------------------------------
TestStack test1                     : 20  of 20 
TestMyString test1                  : 2   of 2  
TestMyString test2                  : 2   of 2  
TestMyString test3                  : 2   of 2  
TestMyString test4                  : 3   of 3  
TestMyString test5                  : 3   of 3  
TestMyString test6                  : 3   of 3  
TestMyString test7                  : 3   of 3  
TestMyString test8                  : 3   of 3  
TestMyString test9                  : 3   of 3  
TestMyString test10                 : 0   of 3  
TestMyString test11                 : 3   of 3  
TestDLList test1                    : 10  of 10 
TestDLList test2                    : 10  of 10 
TestDLList test3                    : 10  of 10 
TestDLList test4                    : 10  of 10 
TestDLList test5                    : 10  of 10 
-------------------------------------------------
CS240: lab9. brow1325 Fri Apr 7 01:01:47 EDT 2017  Total:  97 of 100



-------------------------------------------------
CS240: lab9. brow1325   
Fri Apr  7 13:40:51 EDT 2017
-------------------------------------------------
TestStack test1                     : 20  of 20 
TestMyString test1                  : 2   of 2  
TestMyString test2                  : 2   of 2  
TestMyString test3                  : 2   of 2  
TestMyString test4                  : 3   of 3  
TestMyString test5                  : 3   of 3  
TestMyString test6                  : 3   of 3  
TestMyString test7                  : 3   of 3  
TestMyString test8                  : 3   of 3  
TestMyString test9                  : 3   of 3  
TestMyString test10                 : 0   of 3  
TestMyString test11                 : 3   of 3  
TestDLList test1                    : 10  of 10 
TestDLList test2                    : 10  of 10 
TestDLList test3                    : 10  of 10 
TestDLList test4                    : 10  of 10 
TestDLList test5                    : 10  of 10 
-------------------------------------------------
CS240: lab9. brow1325 Fri Apr 7 13:40:51 EDT 2017  Total:  97 of 100

