[master 04480b4] Lab 2 commit
 1 file changed, 42 insertions(+)
[master 8947f87] Lab 2 commit
 1 file changed, 2 insertions(+), 2 deletions(-)
[master 91bbc61] Lab 2 commit
 1 file changed, 2 insertions(+), 2 deletions(-)
On branch master
Your branch is up to date with 'origin/master'.

Untracked files:
	.local.git.out
	testfile

nothing added to commit but untracked files present
[master 64d576a] Lab 2 commit
 1 file changed, 16 insertions(+), 8 deletions(-)
[master 2496cdb] Lab 2 commit
 1 file changed, 10 insertions(+), 9 deletions(-)
[master 945b5a0] Lab 2 commit
 1 file changed, 2 insertions(+), 1 deletion(-)
[master 326ff92] Lab 2 commit
 1 file changed, 1 insertion(+), 1 deletion(-)
[master 5e4759f] Lab 2 commit
 1 file changed, 7 insertions(+), 6 deletions(-)
[master 0afa7d5] Lab 2 commit
 1 file changed, 8 insertions(+), 1 deletion(-)
[master 7a9ce87] Lab 2 commit
 1 file changed, 1 insertion(+), 1 deletion(-)
On branch master
Your branch is up to date with 'origin/master'.

Untracked files:
	.local.git.out
	testfile

nothing added to commit but untracked files present
On branch master
Your branch is up to date with 'origin/master'.

Untracked files:
	.local.git.out
	testfile

nothing added to commit but untracked files present
On branch master
Your branch is up to date with 'origin/master'.

Untracked files:
	.local.git.out
	testfile

nothing added to commit but untracked files present
On branch master
Your branch is up to date with 'origin/master'.

Untracked files:
	.local.git.out
	testfile

nothing added to commit but untracked files present
On branch master
Your branch is up to date with 'origin/master'.

Untracked files:
	.local.git.out
	testfile

nothing added to commit but untracked files present
On branch master
Your branch is up to date with 'origin/master'.

Untracked files:
	.local.git.out
	testfile

nothing added to commit but untracked files present
On branch master
Your branch is up to date with 'origin/master'.

Untracked files:
	.local.git.out
	testfile

nothing added to commit but untracked files present
On branch master
Your branch is up to date with 'origin/master'.

Untracked files:
	.local.git.out
	testfile

nothing added to commit but untracked files present
On branch master
Your branch is up to date with 'origin/master'.

Untracked files:
	.local.git.out
	testfile

nothing added to commit but untracked files present
On branch master
Your branch is up to date with 'origin/master'.

Untracked files:
	.local.git.out
	testfile

nothing added to commit but untracked files present
On branch master
Your branch is up to date with 'origin/master'.

Untracked files:
	.local.git.out
	testfile

nothing added to commit but untracked files present
On branch master
Your branch is up to date with 'origin/master'.

Untracked files:
	.local.git.out
	testfile

nothing added to commit but untracked files present
[master 0956924] Lab 2 commit
 1 file changed, 2 insertions(+), 2 deletions(-)
On branch master
Your branch is up to date with 'origin/master'.

Untracked files:
	.local.git.out
	testfile

nothing added to commit but untracked files present
On branch master
Your branch is up to date with 'origin/master'.

Untracked files:
	.local.git.out
	testfile

nothing added to commit but untracked files present
On branch master
Your branch is up to date with 'origin/master'.

Untracked files:
	.local.git.out
	testfile

nothing added to commit but untracked files present
On branch master
Your branch is up to date with 'origin/master'.

Untracked files:
	.local.git.out
	testfile

nothing added to commit but untracked files present
On branch master
Your branch is up to date with 'origin/master'.

Untracked files:
	.local.git.out
	testfile

nothing added to commit but untracked files present
On branch master
Your branch is up to date with 'origin/master'.

Untracked files:
	.local.git.out
	testfile

nothing added to commit but untracked files present
[master 14e220a] Lab 2 commit
 1 file changed, 2 insertions(+), 1 deletion(-)
On branch master
Your branch is up to date with 'origin/master'.

Untracked files:
	.local.git.out
	runtests.sh
	testfile

nothing added to commit but untracked files present
On branch master
Your branch is up to date with 'origin/master'.

Untracked files:
	.local.git.out
	out
	runtests.sh
	testfile

nothing added to commit but untracked files present
On branch master
Your branch is up to date with 'origin/master'.

Untracked files:
	.local.git.out
	out
	runtests.sh
	testfile

nothing added to commit but untracked files present
On branch master
Your branch is up to date with 'origin/master'.

Untracked files:
	.local.git.out
	out
	runtests.sh
	testfile

nothing added to commit but untracked files present
On branch master
Your branch is up to date with 'origin/master'.

Untracked files:
	.local.git.out
	out
	runtests.sh
	testfile

nothing added to commit but untracked files present
On branch master
Your branch is up to date with 'origin/master'.

Untracked files:
	.local.git.out
	out
	runtests.sh
	testfile

nothing added to commit but untracked files present
On branch master
Your branch is up to date with 'origin/master'.

Untracked files:
	.local.git.out
	out
	runtests.sh
	testfile

nothing added to commit but untracked files present
On branch master
Your branch is up to date with 'origin/master'.

Untracked files:
	.local.git.out
	out
	runtests.sh
	testfile

nothing added to commit but untracked files present
On branch master
Your branch is up to date with 'origin/master'.

Untracked files:
	.local.git.out
	out
	runtests.sh
	testfile

nothing added to commit but untracked files present
On branch master
Your branch is up to date with 'origin/master'.

Untracked files:
	.local.git.out
	out
	runtests.sh
	testfile

nothing added to commit but untracked files present
On branch master
Your branch is up to date with 'origin/master'.

Untracked files:
	.local.git.out
	out
	runtests.sh
	testfile

nothing added to commit but untracked files present
On branch master
Your branch is up to date with 'origin/master'.

Untracked files:
	.local.git.out
	out
	runtests.sh
	testfile

nothing added to commit but untracked files present
On branch master
Your branch is up to date with 'origin/master'.

Untracked files:
	.local.git.out
	out
	runtests.sh
	testfile

nothing added to commit but untracked files present
On branch master
Your branch is up to date with 'origin/master'.

Untracked files:
	.local.git.out
	out
	runtests.sh
	testfile

nothing added to commit but untracked files present
On branch master
Your branch is up to date with 'origin/master'.

Untracked files:
	.local.git.out
	out
	runtests.sh
	testfile

nothing added to commit but untracked files present
On branch master
Your branch is up to date with 'origin/master'.

Untracked files:
	.local.git.out
	out
	runtests.sh
	testfile

nothing added to commit but untracked files present
On branch master
Your branch is up to date with 'origin/master'.

Untracked files:
	.local.git.out
	out
	runtests.sh
	testfile

nothing added to commit but untracked files present
On branch master
Your branch is up to date with 'origin/master'.

Untracked files:
	.local.git.out
	out
	runtests.sh
	testfile

nothing added to commit but untracked files present
[master 7f8ea4b] Lab 2 commit
 1 file changed, 1 insertion(+), 1 deletion(-)
On branch master
Your branch is up to date with 'origin/master'.

Untracked files:
	.local.git.out
	runtests.sh

nothing added to commit but untracked files present
[master 80eaff9] Lab 2 commit
 1 file changed, 22 insertions(+), 5 deletions(-)
[master b71b1f4] Lab 2 commit
 1 file changed, 1 insertion(+), 1 deletion(-)
[master b2897fa] Lab 2 commit
 1 file changed, 13 insertions(+), 5 deletions(-)
[master 3250d92] Lab 2 commit
 1 file changed, 10 insertions(+), 4 deletions(-)
[master 3fe7e21] Lab 2 commit
 1 file changed, 1 insertion(+)
[master 2b7d35a] Lab 2 commit
 1 file changed, 1 insertion(+), 1 deletion(-)
On branch master
Your branch is up to date with 'origin/master'.

Untracked files:
	.local.git.out
	runtests.sh

nothing added to commit but untracked files present
[master 1998b2e] Lab 2 commit
 1 file changed, 1 insertion(+), 2 deletions(-)
On branch master
Your branch is up to date with 'origin/master'.

Untracked files:
	.local.git.out
	reports_dir/
	runtests.sh

nothing added to commit but untracked files present
On branch master
Your branch is up to date with 'origin/master'.

Untracked files:
	.local.git.out
	runtests.sh

nothing added to commit but untracked files present
On branch master
Your branch is up to date with 'origin/master'.

Untracked files:
	.local.git.out
	reports_dir/
	runtests.sh

nothing added to commit but untracked files present
On branch master
Your branch is up to date with 'origin/master'.

Untracked files:
	.local.git.out
	reports_dir/
	runtests.sh

nothing added to commit but untracked files present
On branch master
Your branch is up to date with 'origin/master'.

Untracked files:
	.local.git.out
	reports_dir/
	runtests.sh

nothing added to commit but untracked files present
On branch master
Your branch is up to date with 'origin/master'.

Untracked files:
	.local.git.out
	reports_dir/
	runtests.sh

nothing added to commit but untracked files present
On branch master
Your branch is up to date with 'origin/master'.

Untracked files:
	.local.git.out
	reports_dir/
	runtests.sh

nothing added to commit but untracked files present
