CS240: Exam3. pheldrin Thu Dec 10 20:12:55 EST 2015  Total:  25 of 25
25
25
CS240: Exam3. pheldrin Thu Dec 10 20:13:53 EST 2015  Total:  25 of 25
25
25
CS240: Exam3. pheldrin Fri Dec 11 00:41:36 EST 2015  Total:  25 of 25
25
25
CS240: Exam3. pheldrin Fri Dec 11 00:44:55 EST 2015  Total:  25 of 25
25
25
CS240: Exam3. pheldrin Fri Dec 11 22:03:10 EST 2015  Total:  25 of 25
25
25
CS240: Exam3. pheldrin Fri Dec 11 22:12:25 EST 2015  Total:  25 of 25
25
25
CS240: Exam3. pheldrin Fri Dec 11 22:13:32 EST 2015  Total:  25 of 25
25
25
CS240: Exam3. pheldrin Fri Dec 11 22:13:43 EST 2015  Total:  25 of 25
25
25
CS240: Exam3. pheldrin Fri Dec 11 22:20:51 EST 2015  Total:  25 of 25
25
25
CS240: Exam3. pheldrin Fri Dec 11 22:28:36 EST 2015  Total:  25 of 25
25
25
CS240: Exam3. pheldrin Fri Dec 11 22:40:19 EST 2015  Total:  25 of 25
25
25
CS240: Exam3. pheldrin Fri Dec 11 22:41:18 EST 2015  Total:  3 of 25
3
25
CS240: Exam3. pheldrin Fri Dec 11 22:41:24 EST 2015  Total:  3 of 25
3
25
CS240: Exam3. pheldrin Sun Dec 13 21:44:23 EST 2015  Total:  3 of 25
3
25
CS240: Exam3. pheldrin Sun Dec 13 21:44:34 EST 2015  Total:  3 of 25
3
25
CS240: Exam3. pheldrin Sun Dec 13 21:44:54 EST 2015  Total:  3 of 25
3
25
CS240: Exam3. brow1325 Sun Apr 30 20:41:25 EDT 2017  Total:  12 of 25
12
25
CS240: Exam3. brow1325 Sun Apr 30 20:50:38 EDT 2017  Total:  12 of 25
12
25
CS240: Exam3. brow1325 Sun Apr 30 20:57:33 EDT 2017  Total:  15 of 25
15
25
CS240: Exam3. brow1325 Sun Apr 30 21:02:05 EDT 2017  Total:  15 of 25
15
25
CS240: Exam3. brow1325 Sun Apr 30 21:08:26 EDT 2017  Total:  18 of 25
18
25
CS240: Exam3. brow1325 Sun Apr 30 21:19:43 EDT 2017  Total:  18 of 25
18
25
CS240: Exam3. brow1325 Sun Apr 30 21:22:27 EDT 2017  Total:  24 of 25
24
25
CS240: Exam3. brow1325 Mon May 1 02:27:52 EDT 2017  Total:  24 of 25
24
25
CS240: Exam3. brow1325 Mon May 1 02:31:31 EDT 2017  Total:  24 of 25
24
25
