

-------------------------------------------------
CS240: Lab 3. cs240   
Mon Sep  7 10:24:13 EDT 2015
-------------------------------------------------
./countlines in1                    : 0   of 4  
./countlines in2                    : 0   of 4  
./countlines hamlet                 : 0   of 3  
./towords in1                       : 0   of 4  
./towords in2                       : 0   of 4  
./towords hamlet                    : 0   of 3  
./test_stack                        : 0   of 10 
./rpncalc rpn1                      : 0   of 3  
./rpncalc rpn2                      : 0   of 3  
./rpncalc rpn3                      : 0   of 3  
./rpncalc rpn4                      : 0   of 3  
./rpncalc rpn5                      : 0   of 3  
./rpncalc rpn6                      : 0   of 3  
./rpncalc rpn7                      : 0   of 3  
./rpncalc rpn8                      : 0   of 3  
./rpncalc rpn9                      : 0   of 3  
./rpncalc rpn10                     : 0   of 3  
./rpncalc rpn11 3                   : 0   of 3  
./rpncalc rpn12 45                  : 0   of 3  
./rpncalc rpn13 2                   : 0   of 3  
./rpncalc rpn13 2                   : 0   of 3  
./rpncalc rpn13 2                   : 0   of 3  
./plot rpn14 -1 1                   : 0   of 8  
./plot rpn15 -5 5                   : 0   of 8  
./plot rpn15 -10 10                 : 0   of 7  
-------------------------------------------------
                              Total:  0 of 100



-------------------------------------------------
CS240: Lab 3. cs240   
Mon Sep  7 10:26:04 EDT 2015
-------------------------------------------------
./countlines in1                    : 0   of 4  
./countlines in2                    : 0   of 4  
./countlines hamlet                 : 0   of 3  
./towords in1                       : 0   of 4  
./towords in2                       : 0   of 4  
./towords hamlet                    : 0   of 3  
./test_stack                        : 0   of 10 
./rpncalc rpn1                      : 0   of 3  
./rpncalc rpn2                      : 0   of 3  
./rpncalc rpn3                      : 0   of 3  
./rpncalc rpn4                      : 0   of 3  
./rpncalc rpn5                      : 0   of 3  
./rpncalc rpn6                      : 0   of 3  
./rpncalc rpn7                      : 0   of 3  
./rpncalc rpn8                      : 0   of 3  
./rpncalc rpn9                      : 0   of 3  
./rpncalc rpn10                     : 0   of 3  
./rpncalc rpn11 3                   : 0   of 3  
./rpncalc rpn12 45                  : 0   of 3  
./rpncalc rpn13 2                   : 0   of 3  
./rpncalc rpn13 2                   : 0   of 3  
./rpncalc rpn13 2                   : 0   of 3  
./plot rpn14 -1 1                   : 0   of 8  
./plot rpn15 -5 5                   : 0   of 8  
./plot rpn15 -10 10                 : 0   of 7  
-------------------------------------------------
                              Total:  0 of 100



-------------------------------------------------
CS240: Lab 3. cs240   
Mon Sep  7 10:26:39 EDT 2015
-------------------------------------------------
./countlines in1                    : 0   of 4  
./countlines in2                    : 0   of 4  
./countlines hamlet                 : 0   of 3  
./towords in1                       : 0   of 4  
./towords in2                       : 0   of 4  
./towords hamlet                    : 0   of 3  
./test_stack                        : 0   of 10 
./rpncalc rpn1                      : 0   of 3  
./rpncalc rpn2                      : 0   of 3  
./rpncalc rpn3                      : 0   of 3  
./rpncalc rpn4                      : 0   of 3  
./rpncalc rpn5                      : 0   of 3  
./rpncalc rpn6                      : 0   of 3  
./rpncalc rpn7                      : 0   of 3  
./rpncalc rpn8                      : 0   of 3  
./rpncalc rpn9                      : 0   of 3  
./rpncalc rpn10                     : 0   of 3  
./rpncalc rpn11 3                   : 0   of 3  
./rpncalc rpn12 45                  : 0   of 3  
./rpncalc rpn13 2                   : 0   of 3  
./rpncalc rpn13 2                   : 0   of 3  
./rpncalc rpn13 2                   : 0   of 3  
./plot rpn14 -1 1                   : 0   of 8  
./plot rpn15 -5 5                   : 0   of 8  
./plot rpn15 -10 10                 : 0   of 7  
-------------------------------------------------
                              Total:  0 of 100



-------------------------------------------------
CS240: Lab 3. brow1325   
Fri Jan 27 14:00:13 EST 2017
-------------------------------------------------
./countlines in1                    : 4   of 4  
./countlines in2                    : 4   of 4  
./countlines hamlet                 : 3   of 3  
./towords in1                       : 0   of 4  
./towords in2                       : 0   of 4  
./towords hamlet                    : 0   of 3  
./test_stack                        : 0   of 10 
./rpncalc rpn1                      : 0   of 3  
./rpncalc rpn2                      : 0   of 3  
./rpncalc rpn3                      : 0   of 3  
./rpncalc rpn4                      : 0   of 3  
./rpncalc rpn5                      : 0   of 3  
./rpncalc rpn6                      : 0   of 3  
./rpncalc rpn7                      : 0   of 3  
./rpncalc rpn8                      : 0   of 3  
./rpncalc rpn9                      : 0   of 3  
./rpncalc rpn10                     : 0   of 3  
./rpncalc rpn11 3                   : 0   of 3  
./rpncalc rpn12 45                  : 0   of 3  
./rpncalc rpn13 2                   : 0   of 3  
./rpncalc rpn13 2                   : 0   of 3  
./rpncalc rpn13 2                   : 0   of 3  
./plot rpn14 -1 1                   : 0   of 8  
./plot rpn15 -5 5                   : 0   of 8  
./plot rpn15 -10 10                 : 0   of 7  
-------------------------------------------------
                              Total:  11 of 100



-------------------------------------------------
CS240: Lab 3. brow1325   
Fri Jan 27 14:49:37 EST 2017
-------------------------------------------------
./countlines in1                    : 4   of 4  
./countlines in2                    : 4   of 4  
./countlines hamlet                 : 3   of 3  
./towords in1                       : 0   of 4  
./towords in2                       : 0   of 4  
./towords hamlet                    : 0   of 3  
./test_stack                        : 0   of 10 
./rpncalc rpn1                      : 0   of 3  
./rpncalc rpn2                      : 0   of 3  
./rpncalc rpn3                      : 0   of 3  
./rpncalc rpn4                      : 0   of 3  
./rpncalc rpn5                      : 0   of 3  
./rpncalc rpn6                      : 0   of 3  
./rpncalc rpn7                      : 0   of 3  
./rpncalc rpn8                      : 0   of 3  
./rpncalc rpn9                      : 0   of 3  
./rpncalc rpn10                     : 0   of 3  
./rpncalc rpn11 3                   : 0   of 3  
./rpncalc rpn12 45                  : 0   of 3  
./rpncalc rpn13 2                   : 0   of 3  
./rpncalc rpn13 2                   : 0   of 3  
./rpncalc rpn13 2                   : 0   of 3  
./plot rpn14 -1 1                   : 0   of 8  
./plot rpn15 -5 5                   : 0   of 8  
./plot rpn15 -10 10                 : 0   of 7  
-------------------------------------------------
                              Total:  11 of 100



-------------------------------------------------
CS240: Lab 3. brow1325   
Fri Jan 27 14:50:08 EST 2017
-------------------------------------------------
./countlines in1                    : 4   of 4  
./countlines in2                    : 4   of 4  
./countlines hamlet                 : 3   of 3  
./towords in1                       : 0   of 4  
./towords in2                       : 0   of 4  
./towords hamlet                    : 0   of 3  
./test_stack                        : 0   of 10 
./rpncalc rpn1                      : 0   of 3  
./rpncalc rpn2                      : 0   of 3  
./rpncalc rpn3                      : 0   of 3  
./rpncalc rpn4                      : 0   of 3  
./rpncalc rpn5                      : 0   of 3  
./rpncalc rpn6                      : 0   of 3  
./rpncalc rpn7                      : 0   of 3  
./rpncalc rpn8                      : 0   of 3  
./rpncalc rpn9                      : 0   of 3  
./rpncalc rpn10                     : 0   of 3  
./rpncalc rpn11 3                   : 0   of 3  
./rpncalc rpn12 45                  : 0   of 3  
./rpncalc rpn13 2                   : 0   of 3  
./rpncalc rpn13 2                   : 0   of 3  
./rpncalc rpn13 2                   : 0   of 3  
./plot rpn14 -1 1                   : 0   of 8  
./plot rpn15 -5 5                   : 0   of 8  
./plot rpn15 -10 10                 : 0   of 7  
-------------------------------------------------
                              Total:  11 of 100



-------------------------------------------------
CS240: Lab 3. brow1325   
Fri Jan 27 14:54:15 EST 2017
-------------------------------------------------
./countlines in1                    : 4   of 4  
./countlines in2                    : 4   of 4  
./countlines hamlet                 : 3   of 3  
./towords in1                       : 0   of 4  
./towords in2                       : 0   of 4  
./towords hamlet                    : 0   of 3  
./test_stack                        : 0   of 10 
./rpncalc rpn1                      : 0   of 3  
./rpncalc rpn2                      : 0   of 3  
./rpncalc rpn3                      : 0   of 3  
./rpncalc rpn4                      : 0   of 3  
./rpncalc rpn5                      : 0   of 3  
./rpncalc rpn6                      : 0   of 3  
./rpncalc rpn7                      : 0   of 3  
./rpncalc rpn8                      : 0   of 3  
./rpncalc rpn9                      : 0   of 3  
./rpncalc rpn10                     : 0   of 3  
./rpncalc rpn11 3                   : 0   of 3  
./rpncalc rpn12 45                  : 0   of 3  
./rpncalc rpn13 2                   : 0   of 3  
./rpncalc rpn13 2                   : 0   of 3  
./rpncalc rpn13 2                   : 0   of 3  
./plot rpn14 -1 1                   : 0   of 8  
./plot rpn15 -5 5                   : 0   of 8  
./plot rpn15 -10 10                 : 0   of 7  
-------------------------------------------------
                              Total:  11 of 100



-------------------------------------------------
CS240: Lab 3. brow1325   
Fri Jan 27 15:03:22 EST 2017
-------------------------------------------------
./countlines in1                    : 4   of 4  
./countlines in2                    : 4   of 4  
./countlines hamlet                 : 3   of 3  
./towords in1                       : 0   of 4  
./towords in2                       : 0   of 4  
./towords hamlet                    : 0   of 3  
./test_stack                        : 0   of 10 
./rpncalc rpn1                      : 0   of 3  
./rpncalc rpn2                      : 0   of 3  
./rpncalc rpn3                      : 0   of 3  
./rpncalc rpn4                      : 0   of 3  
./rpncalc rpn5                      : 0   of 3  
./rpncalc rpn6                      : 0   of 3  
./rpncalc rpn7                      : 0   of 3  
./rpncalc rpn8                      : 0   of 3  
./rpncalc rpn9                      : 0   of 3  
./rpncalc rpn10                     : 0   of 3  
./rpncalc rpn11 3                   : 0   of 3  
./rpncalc rpn12 45                  : 0   of 3  
./rpncalc rpn13 2                   : 0   of 3  
./rpncalc rpn13 2                   : 0   of 3  
./rpncalc rpn13 2                   : 0   of 3  
./plot rpn14 -1 1                   : 0   of 8  
./plot rpn15 -5 5                   : 0   of 8  
./plot rpn15 -10 10                 : 0   of 7  
-------------------------------------------------
                              Total:  11 of 100



-------------------------------------------------
CS240: Lab 3. brow1325   
Fri Jan 27 15:13:10 EST 2017
-------------------------------------------------
./countlines in1                    : 4   of 4  
./countlines in2                    : 4   of 4  
./countlines hamlet                 : 3   of 3  
./towords in1                       : 0   of 4  
./towords in2                       : 0   of 4  
./towords hamlet                    : 0   of 3  
./test_stack                        : 0   of 10 
./rpncalc rpn1                      : 0   of 3  
./rpncalc rpn2                      : 0   of 3  
./rpncalc rpn3                      : 0   of 3  
./rpncalc rpn4                      : 0   of 3  
./rpncalc rpn5                      : 0   of 3  
./rpncalc rpn6                      : 0   of 3  
./rpncalc rpn7                      : 0   of 3  
./rpncalc rpn8                      : 0   of 3  
./rpncalc rpn9                      : 0   of 3  
./rpncalc rpn10                     : 0   of 3  
./rpncalc rpn11 3                   : 0   of 3  
./rpncalc rpn12 45                  : 0   of 3  
./rpncalc rpn13 2                   : 0   of 3  
./rpncalc rpn13 2                   : 0   of 3  
./rpncalc rpn13 2                   : 0   of 3  
./plot rpn14 -1 1                   : 0   of 8  
./plot rpn15 -5 5                   : 0   of 8  
./plot rpn15 -10 10                 : 0   of 7  
-------------------------------------------------
                              Total:  11 of 100



-------------------------------------------------
CS240: Lab 3. brow1325   
Fri Jan 27 15:13:39 EST 2017
-------------------------------------------------
./countlines in1                    : 4   of 4  
./countlines in2                    : 4   of 4  
./countlines hamlet                 : 3   of 3  
./towords in1                       : 0   of 4  
./towords in2                       : 0   of 4  
./towords hamlet                    : 0   of 3  
./test_stack                        : 0   of 10 
./rpncalc rpn1                      : 0   of 3  
./rpncalc rpn2                      : 0   of 3  
./rpncalc rpn3                      : 0   of 3  
./rpncalc rpn4                      : 0   of 3  
./rpncalc rpn5                      : 0   of 3  
./rpncalc rpn6                      : 0   of 3  
./rpncalc rpn7                      : 0   of 3  
./rpncalc rpn8                      : 0   of 3  
./rpncalc rpn9                      : 0   of 3  
./rpncalc rpn10                     : 0   of 3  
./rpncalc rpn11 3                   : 0   of 3  
./rpncalc rpn12 45                  : 0   of 3  
./rpncalc rpn13 2                   : 0   of 3  
./rpncalc rpn13 2                   : 0   of 3  
./rpncalc rpn13 2                   : 0   of 3  
./plot rpn14 -1 1                   : 0   of 8  
./plot rpn15 -5 5                   : 0   of 8  
./plot rpn15 -10 10                 : 0   of 7  
-------------------------------------------------
                              Total:  11 of 100



-------------------------------------------------
CS240: Lab 3. brow1325   
Sun Jan 29 14:44:02 EST 2017
-------------------------------------------------
./countlines in1                    : 4   of 4  
./countlines in2                    : 4   of 4  
./countlines hamlet                 : 3   of 3  
./towords in1                       : 0   of 4  
./towords in2                       : 0   of 4  
./towords hamlet                    : 0   of 3  
./test_stack                        : 0   of 10 
./rpncalc rpn1                      : 0   of 3  
./rpncalc rpn2                      : 0   of 3  
./rpncalc rpn3                      : 0   of 3  
./rpncalc rpn4                      : 0   of 3  
./rpncalc rpn5                      : 0   of 3  
./rpncalc rpn6                      : 0   of 3  
./rpncalc rpn7                      : 0   of 3  
./rpncalc rpn8                      : 0   of 3  
./rpncalc rpn9                      : 0   of 3  
./rpncalc rpn10                     : 0   of 3  
./rpncalc rpn11 3                   : 0   of 3  
./rpncalc rpn12 45                  : 0   of 3  
./rpncalc rpn13 2                   : 0   of 3  
./rpncalc rpn13 2                   : 0   of 3  
./rpncalc rpn13 2                   : 0   of 3  
./plot rpn14 -1 1                   : 0   of 8  
./plot rpn15 -5 5                   : 0   of 8  
./plot rpn15 -10 10                 : 0   of 7  
-------------------------------------------------
                              Total:  11 of 100



-------------------------------------------------
CS240: Lab 3. brow1325   
Sun Jan 29 15:08:08 EST 2017
-------------------------------------------------
./countlines in1                    : 4   of 4  
./countlines in2                    : 4   of 4  
./countlines hamlet                 : 3   of 3  
./towords in1                       : 0   of 4  
./towords in2                       : 0   of 4  
./towords hamlet                    : 0   of 3  
./test_stack                        : 0   of 10 
./rpncalc rpn1                      : 0   of 3  
./rpncalc rpn2                      : 0   of 3  
./rpncalc rpn3                      : 0   of 3  
./rpncalc rpn4                      : 0   of 3  
./rpncalc rpn5                      : 0   of 3  
./rpncalc rpn6                      : 0   of 3  
./rpncalc rpn7                      : 0   of 3  
./rpncalc rpn8                      : 0   of 3  
./rpncalc rpn9                      : 0   of 3  
./rpncalc rpn10                     : 0   of 3  
./rpncalc rpn11 3                   : 0   of 3  
./rpncalc rpn12 45                  : 0   of 3  
./rpncalc rpn13 2                   : 0   of 3  
./rpncalc rpn13 2                   : 0   of 3  
./rpncalc rpn13 2                   : 0   of 3  
./plot rpn14 -1 1                   : 0   of 8  
./plot rpn15 -5 5                   : 0   of 8  
./plot rpn15 -10 10                 : 0   of 7  
-------------------------------------------------
                              Total:  11 of 100



-------------------------------------------------
CS240: Lab 3. brow1325   
Sun Jan 29 15:08:41 EST 2017
-------------------------------------------------
./countlines in1                    : 4   of 4  
./countlines in2                    : 4   of 4  
./countlines hamlet                 : 3   of 3  
./towords in1                       : 0   of 4  
./towords in2                       : 0   of 4  
./towords hamlet                    : 0   of 3  
./test_stack                        : 0   of 10 
./rpncalc rpn1                      : 0   of 3  
./rpncalc rpn2                      : 0   of 3  
./rpncalc rpn3                      : 0   of 3  
./rpncalc rpn4                      : 0   of 3  
./rpncalc rpn5                      : 0   of 3  
./rpncalc rpn6                      : 0   of 3  
./rpncalc rpn7                      : 0   of 3  
./rpncalc rpn8                      : 0   of 3  
./rpncalc rpn9                      : 0   of 3  
./rpncalc rpn10                     : 0   of 3  
./rpncalc rpn11 3                   : 0   of 3  
./rpncalc rpn12 45                  : 0   of 3  
./rpncalc rpn13 2                   : 0   of 3  
./rpncalc rpn13 2                   : 0   of 3  
./rpncalc rpn13 2                   : 0   of 3  
./plot rpn14 -1 1                   : 0   of 8  
./plot rpn15 -5 5                   : 0   of 8  
./plot rpn15 -10 10                 : 0   of 7  
-------------------------------------------------
                              Total:  11 of 100



-------------------------------------------------
CS240: Lab 3. brow1325   
Mon Jan 30 19:51:04 EST 2017
-------------------------------------------------
./countlines in1                    : 4   of 4  
./countlines in2                    : 4   of 4  
./countlines hamlet                 : 3   of 3  
./towords in1                       : 0   of 4  
./towords in2                       : 0   of 4  
./towords hamlet                    : 0   of 3  
./test_stack                        : 0   of 10 
./rpncalc rpn1                      : 0   of 3  
./rpncalc rpn2                      : 0   of 3  
./rpncalc rpn3                      : 0   of 3  
./rpncalc rpn4                      : 0   of 3  
./rpncalc rpn5                      : 0   of 3  
./rpncalc rpn6                      : 0   of 3  
./rpncalc rpn7                      : 0   of 3  
./rpncalc rpn8                      : 0   of 3  
./rpncalc rpn9                      : 0   of 3  
./rpncalc rpn10                     : 0   of 3  
./rpncalc rpn11 3                   : 0   of 3  
./rpncalc rpn12 45                  : 0   of 3  
./rpncalc rpn13 2                   : 0   of 3  
./rpncalc rpn13 2                   : 0   of 3  
./rpncalc rpn13 2                   : 0   of 3  
./plot rpn14 -1 1                   : 0   of 8  
./plot rpn15 -5 5                   : 0   of 8  
./plot rpn15 -10 10                 : 0   of 7  
-------------------------------------------------
                              Total:  11 of 100



-------------------------------------------------
CS240: Lab 3. brow1325   
Mon Jan 30 20:16:20 EST 2017
-------------------------------------------------
./countlines in1                    : 4   of 4  
./countlines in2                    : 4   of 4  
./countlines hamlet                 : 3   of 3  
./towords in1                       : 4   of 4  
./towords in2                       : 0   of 4  
./towords hamlet                    : 0   of 3  
./test_stack                        : 0   of 10 
./rpncalc rpn1                      : 0   of 3  
./rpncalc rpn2                      : 0   of 3  
./rpncalc rpn3                      : 0   of 3  
./rpncalc rpn4                      : 0   of 3  
./rpncalc rpn5                      : 0   of 3  
./rpncalc rpn6                      : 0   of 3  
./rpncalc rpn7                      : 0   of 3  
./rpncalc rpn8                      : 0   of 3  
./rpncalc rpn9                      : 0   of 3  
./rpncalc rpn10                     : 0   of 3  
./rpncalc rpn11 3                   : 0   of 3  
./rpncalc rpn12 45                  : 0   of 3  
./rpncalc rpn13 2                   : 0   of 3  
./rpncalc rpn13 2                   : 0   of 3  
./rpncalc rpn13 2                   : 0   of 3  
./plot rpn14 -1 1                   : 0   of 8  
./plot rpn15 -5 5                   : 0   of 8  
./plot rpn15 -10 10                 : 0   of 7  
-------------------------------------------------
                              Total:  15 of 100



-------------------------------------------------
CS240: Lab 3. brow1325   
Mon Jan 30 20:22:14 EST 2017
-------------------------------------------------
./countlines in1                    : 4   of 4  
./countlines in2                    : 4   of 4  
./countlines hamlet                 : 3   of 3  
./towords in1                       : 4   of 4  
./towords in2                       : 4   of 4  
./towords hamlet                    : 3   of 3  
./test_stack                        : 0   of 10 
./rpncalc rpn1                      : 0   of 3  
./rpncalc rpn2                      : 0   of 3  
./rpncalc rpn3                      : 0   of 3  
./rpncalc rpn4                      : 0   of 3  
./rpncalc rpn5                      : 0   of 3  
./rpncalc rpn6                      : 0   of 3  
./rpncalc rpn7                      : 0   of 3  
./rpncalc rpn8                      : 0   of 3  
./rpncalc rpn9                      : 0   of 3  
./rpncalc rpn10                     : 0   of 3  
./rpncalc rpn11 3                   : 0   of 3  
./rpncalc rpn12 45                  : 0   of 3  
./rpncalc rpn13 2                   : 0   of 3  
./rpncalc rpn13 2                   : 0   of 3  
./rpncalc rpn13 2                   : 0   of 3  
./plot rpn14 -1 1                   : 0   of 8  
./plot rpn15 -5 5                   : 0   of 8  
./plot rpn15 -10 10                 : 0   of 7  
-------------------------------------------------
                              Total:  22 of 100



-------------------------------------------------
CS240: Lab 3. brow1325   
Tue Jan 31 13:43:51 EST 2017
-------------------------------------------------
./countlines in1                    : 4   of 4  
./countlines in2                    : 4   of 4  
./countlines hamlet                 : 3   of 3  
./towords in1                       : 4   of 4  
./towords in2                       : 4   of 4  
./towords hamlet                    : 3   of 3  
./test_stack                        : 0   of 10 
./rpncalc rpn1                      : 0   of 3  
./rpncalc rpn2                      : 0   of 3  
./rpncalc rpn3                      : 0   of 3  
./rpncalc rpn4                      : 0   of 3  
./rpncalc rpn5                      : 0   of 3  
./rpncalc rpn6                      : 0   of 3  
./rpncalc rpn7                      : 0   of 3  
./rpncalc rpn8                      : 0   of 3  
./rpncalc rpn9                      : 0   of 3  
./rpncalc rpn10                     : 0   of 3  
./rpncalc rpn11 3                   : 0   of 3  
./rpncalc rpn12 45                  : 0   of 3  
./rpncalc rpn13 2                   : 0   of 3  
./rpncalc rpn13 2                   : 0   of 3  
./rpncalc rpn13 2                   : 0   of 3  
./plot rpn14 -1 1                   : 0   of 8  
./plot rpn15 -5 5                   : 0   of 8  
./plot rpn15 -10 10                 : 0   of 7  
-------------------------------------------------
                              Total:  22 of 100



-------------------------------------------------
CS240: Lab 3. brow1325   
Tue Jan 31 17:43:42 EST 2017
-------------------------------------------------
./countlines in1                    : 4   of 4  
./countlines in2                    : 4   of 4  
./countlines hamlet                 : 3   of 3  
./towords in1                       : 4   of 4  
./towords in2                       : 4   of 4  
./towords hamlet                    : 3   of 3  
./test_stack                        : 0   of 10 
./rpncalc rpn1                      : 0   of 3  
./rpncalc rpn2                      : 0   of 3  
./rpncalc rpn3                      : 0   of 3  
./rpncalc rpn4                      : 0   of 3  
./rpncalc rpn5                      : 0   of 3  
./rpncalc rpn6                      : 0   of 3  
./rpncalc rpn7                      : 0   of 3  
./rpncalc rpn8                      : 0   of 3  
./rpncalc rpn9                      : 0   of 3  
./rpncalc rpn10                     : 0   of 3  
./rpncalc rpn11 3                   : 0   of 3  
./rpncalc rpn12 45                  : 0   of 3  
./rpncalc rpn13 2                   : 0   of 3  
./rpncalc rpn13 2                   : 0   of 3  
./rpncalc rpn13 2                   : 0   of 3  
./plot rpn14 -1 1                   : 0   of 8  
./plot rpn15 -5 5                   : 0   of 8  
./plot rpn15 -10 10                 : 0   of 7  
-------------------------------------------------
                              Total:  22 of 100



-------------------------------------------------
CS240: Lab 3. brow1325   
Tue Jan 31 17:48:28 EST 2017
-------------------------------------------------
./countlines in1                    : 4   of 4  
./countlines in2                    : 4   of 4  
./countlines hamlet                 : 3   of 3  
./towords in1                       : 4   of 4  
./towords in2                       : 4   of 4  
./towords hamlet                    : 3   of 3  
./test_stack                        : 10  of 10 
./rpncalc rpn1                      : 0   of 3  
./rpncalc rpn2                      : 0   of 3  
./rpncalc rpn3                      : 0   of 3  
./rpncalc rpn4                      : 0   of 3  
./rpncalc rpn5                      : 0   of 3  
./rpncalc rpn6                      : 0   of 3  
./rpncalc rpn7                      : 0   of 3  
./rpncalc rpn8                      : 0   of 3  
./rpncalc rpn9                      : 0   of 3  
./rpncalc rpn10                     : 0   of 3  
./rpncalc rpn11 3                   : 0   of 3  
./rpncalc rpn12 45                  : 0   of 3  
./rpncalc rpn13 2                   : 0   of 3  
./rpncalc rpn13 2                   : 0   of 3  
./rpncalc rpn13 2                   : 0   of 3  
./plot rpn14 -1 1                   : 0   of 8  
./plot rpn15 -5 5                   : 0   of 8  
./plot rpn15 -10 10                 : 0   of 7  
-------------------------------------------------
                              Total:  32 of 100



-------------------------------------------------
CS240: Lab 3. brow1325   
Thu Feb  2 19:33:16 EST 2017
-------------------------------------------------
./countlines in1                    : 4   of 4  
./countlines in2                    : 4   of 4  
./countlines hamlet                 : 3   of 3  
./towords in1                       : 4   of 4  
./towords in2                       : 4   of 4  
./towords hamlet                    : 3   of 3  
./test_stack                        : 10  of 10 
./rpncalc rpn1                      : 0   of 3  
./rpncalc rpn2                      : 0   of 3  
./rpncalc rpn3                      : 0   of 3  
./rpncalc rpn4                      : 0   of 3  
./rpncalc rpn5                      : 0   of 3  
./rpncalc rpn6                      : 0   of 3  
./rpncalc rpn7                      : 0   of 3  
./rpncalc rpn8                      : 0   of 3  
./rpncalc rpn9                      : 0   of 3  
./rpncalc rpn10                     : 0   of 3  
./rpncalc rpn11 3                   : 0   of 3  
./rpncalc rpn12 45                  : 0   of 3  
./rpncalc rpn13 2                   : 0   of 3  
./rpncalc rpn13 2                   : 0   of 3  
./rpncalc rpn13 2                   : 0   of 3  
./plot rpn14 -1 1                   : 0   of 8  
./plot rpn15 -5 5                   : 0   of 8  
./plot rpn15 -10 10                 : 0   of 7  
-------------------------------------------------
                              Total:  32 of 100



-------------------------------------------------
CS240: Lab 3. brow1325   
Thu Feb  2 20:25:03 EST 2017
-------------------------------------------------
./countlines in1                    : 4   of 4  
./countlines in2                    : 4   of 4  
./countlines hamlet                 : 3   of 3  
./towords in1                       : 4   of 4  
./towords in2                       : 4   of 4  
./towords hamlet                    : 3   of 3  
./test_stack                        : 10  of 10 
./rpncalc rpn1                      : 0   of 3  
./rpncalc rpn2                      : 0   of 3  
./rpncalc rpn3                      : 0   of 3  
./rpncalc rpn4                      : 0   of 3  
./rpncalc rpn5                      : 0   of 3  
./rpncalc rpn6                      : 0   of 3  
./rpncalc rpn7                      : 0   of 3  
./rpncalc rpn8                      : 0   of 3  
./rpncalc rpn9                      : 0   of 3  
./rpncalc rpn10                     : 0   of 3  
./rpncalc rpn11 3                   : 0   of 3  
./rpncalc rpn12 45                  : 0   of 3  
./rpncalc rpn13 2                   : 0   of 3  
./rpncalc rpn13 2                   : 0   of 3  
./rpncalc rpn13 2                   : 0   of 3  
./plot rpn14 -1 1                   : 0   of 8  
./plot rpn15 -5 5                   : 0   of 8  
./plot rpn15 -10 10                 : 0   of 7  
-------------------------------------------------
                              Total:  32 of 100



-------------------------------------------------
CS240: Lab 3. brow1325   
Thu Feb  2 20:37:24 EST 2017
-------------------------------------------------
./countlines in1                    : 4   of 4  
./countlines in2                    : 4   of 4  
./countlines hamlet                 : 3   of 3  
./towords in1                       : 4   of 4  
./towords in2                       : 4   of 4  
./towords hamlet                    : 3   of 3  
./test_stack                        : 10  of 10 
./rpncalc rpn1                      : 0   of 3  
./rpncalc rpn2                      : 0   of 3  
./rpncalc rpn3                      : 0   of 3  
./rpncalc rpn4                      : 0   of 3  
./rpncalc rpn5                      : 0   of 3  
./rpncalc rpn6                      : 0   of 3  
./rpncalc rpn7                      : 0   of 3  
./rpncalc rpn8                      : 0   of 3  
./rpncalc rpn9                      : 0   of 3  
./rpncalc rpn10                     : 3   of 3  
./rpncalc rpn11 3                   : 0   of 3  
./rpncalc rpn12 45                  : 0   of 3  
./rpncalc rpn13 2                   : 0   of 3  
./rpncalc rpn13 2                   : 0   of 3  
./rpncalc rpn13 2                   : 0   of 3  
./plot rpn14 -1 1                   : 0   of 8  
./plot rpn15 -5 5                   : 0   of 8  
./plot rpn15 -10 10                 : 0   of 7  
-------------------------------------------------
                              Total:  35 of 100



-------------------------------------------------
CS240: Lab 3. brow1325   
Thu Feb  2 20:41:40 EST 2017
-------------------------------------------------
./countlines in1                    : 4   of 4  
./countlines in2                    : 4   of 4  
./countlines hamlet                 : 3   of 3  
./towords in1                       : 4   of 4  
./towords in2                       : 4   of 4  
./towords hamlet                    : 3   of 3  
./test_stack                        : 10  of 10 
./rpncalc rpn1                      : 3   of 3  
./rpncalc rpn2                      : 0   of 3  
./rpncalc rpn3                      : 0   of 3  
./rpncalc rpn4                      : 0   of 3  
./rpncalc rpn5                      : 0   of 3  
./rpncalc rpn6                      : 0   of 3  
./rpncalc rpn7                      : 0   of 3  
./rpncalc rpn8                      : 3   of 3  
./rpncalc rpn9                      : 3   of 3  
./rpncalc rpn10                     : 3   of 3  
./rpncalc rpn11 3                   : 3   of 3  
./rpncalc rpn12 45                  : 0   of 3  
./rpncalc rpn13 2                   : 3   of 3  
./rpncalc rpn13 2                   : 3   of 3  
./rpncalc rpn13 2                   : 3   of 3  
./plot rpn14 -1 1                   : 0   of 8  
./plot rpn15 -5 5                   : 0   of 8  
./plot rpn15 -10 10                 : 0   of 7  
-------------------------------------------------
                              Total:  56 of 100



-------------------------------------------------
CS240: Lab 3. brow1325   
Thu Feb  2 20:52:14 EST 2017
-------------------------------------------------
./countlines in1                    : 4   of 4  
./countlines in2                    : 4   of 4  
./countlines hamlet                 : 3   of 3  
./towords in1                       : 4   of 4  
./towords in2                       : 4   of 4  
./towords hamlet                    : 3   of 3  
./test_stack                        : 10  of 10 
./rpncalc rpn1                      : 3   of 3  
./rpncalc rpn2                      : 0   of 3  
./rpncalc rpn3                      : 0   of 3  
./rpncalc rpn4                      : 3   of 3  
./rpncalc rpn5                      : 0   of 3  
./rpncalc rpn6                      : 0   of 3  
./rpncalc rpn7                      : 0   of 3  
./rpncalc rpn8                      : 3   of 3  
./rpncalc rpn9                      : 3   of 3  
./rpncalc rpn10                     : 3   of 3  
./rpncalc rpn11 3                   : 3   of 3  
./rpncalc rpn12 45                  : 0   of 3  
./rpncalc rpn13 2                   : 3   of 3  
./rpncalc rpn13 2                   : 3   of 3  
./rpncalc rpn13 2                   : 3   of 3  
./plot rpn14 -1 1                   : 0   of 8  
./plot rpn15 -5 5                   : 0   of 8  
./plot rpn15 -10 10                 : 0   of 7  
-------------------------------------------------
                              Total:  59 of 100



-------------------------------------------------
CS240: Lab 3. brow1325   
Thu Feb  2 21:16:11 EST 2017
-------------------------------------------------
./countlines in1                    : 4   of 4  
./countlines in2                    : 4   of 4  
./countlines hamlet                 : 3   of 3  
./towords in1                       : 4   of 4  
./towords in2                       : 4   of 4  
./towords hamlet                    : 3   of 3  
./test_stack                        : 10  of 10 
./rpncalc rpn1                      : 3   of 3  
./rpncalc rpn2                      : 0   of 3  
./rpncalc rpn3                      : 0   of 3  
./rpncalc rpn4                      : 0   of 3  
./rpncalc rpn5                      : 0   of 3  
./rpncalc rpn6                      : 0   of 3  
./rpncalc rpn7                      : 0   of 3  
./rpncalc rpn8                      : 3   of 3  
./rpncalc rpn9                      : 3   of 3  
./rpncalc rpn10                     : 3   of 3  
./rpncalc rpn11 3                   : 3   of 3  
./rpncalc rpn12 45                  : 0   of 3  
./rpncalc rpn13 2                   : 3   of 3  
./rpncalc rpn13 2                   : 3   of 3  
./rpncalc rpn13 2                   : 3   of 3  
./plot rpn14 -1 1                   : 0   of 8  
./plot rpn15 -5 5                   : 0   of 8  
./plot rpn15 -10 10                 : 0   of 7  
-------------------------------------------------
                              Total:  56 of 100



-------------------------------------------------
CS240: Lab 3. brow1325   
Thu Feb  2 21:21:32 EST 2017
-------------------------------------------------
./countlines in1                    : 4   of 4  
./countlines in2                    : 4   of 4  
./countlines hamlet                 : 3   of 3  
./towords in1                       : 4   of 4  
./towords in2                       : 4   of 4  
./towords hamlet                    : 3   of 3  
./test_stack                        : 10  of 10 
./rpncalc rpn1                      : 3   of 3  
./rpncalc rpn2                      : 0   of 3  
./rpncalc rpn3                      : 0   of 3  
./rpncalc rpn4                      : 0   of 3  
./rpncalc rpn5                      : 0   of 3  
./rpncalc rpn6                      : 0   of 3  
./rpncalc rpn7                      : 0   of 3  
./rpncalc rpn8                      : 3   of 3  
./rpncalc rpn9                      : 3   of 3  
./rpncalc rpn10                     : 3   of 3  
./rpncalc rpn11 3                   : 0   of 3  
./rpncalc rpn12 45                  : 0   of 3  
./rpncalc rpn13 2                   : 3   of 3  
./rpncalc rpn13 2                   : 3   of 3  
./rpncalc rpn13 2                   : 3   of 3  
./plot rpn14 -1 1                   : 0   of 8  
./plot rpn15 -5 5                   : 0   of 8  
./plot rpn15 -10 10                 : 0   of 7  
-------------------------------------------------
                              Total:  53 of 100



-------------------------------------------------
CS240: Lab 3. brow1325   
Thu Feb  2 21:23:59 EST 2017
-------------------------------------------------
./countlines in1                    : 4   of 4  
./countlines in2                    : 4   of 4  
./countlines hamlet                 : 3   of 3  
./towords in1                       : 4   of 4  
./towords in2                       : 4   of 4  
./towords hamlet                    : 3   of 3  
./test_stack                        : 10  of 10 
./rpncalc rpn1                      : 3   of 3  
./rpncalc rpn2                      : 0   of 3  
./rpncalc rpn3                      : 0   of 3  
./rpncalc rpn4                      : 0   of 3  
./rpncalc rpn5                      : 0   of 3  
./rpncalc rpn6                      : 0   of 3  
./rpncalc rpn7                      : 0   of 3  
./rpncalc rpn8                      : 3   of 3  
./rpncalc rpn9                      : 3   of 3  
./rpncalc rpn10                     : 3   of 3  
./rpncalc rpn11 3                   : 0   of 3  
./rpncalc rpn12 45                  : 0   of 3  
./rpncalc rpn13 2                   : 3   of 3  
./rpncalc rpn13 2                   : 3   of 3  
./rpncalc rpn13 2                   : 3   of 3  
./plot rpn14 -1 1                   : 0   of 8  
./plot rpn15 -5 5                   : 0   of 8  
./plot rpn15 -10 10                 : 0   of 7  
-------------------------------------------------
                              Total:  53 of 100



-------------------------------------------------
CS240: Lab 3. brow1325   
Thu Feb  2 21:25:29 EST 2017
-------------------------------------------------
./countlines in1                    : 4   of 4  
./countlines in2                    : 4   of 4  
./countlines hamlet                 : 3   of 3  
./towords in1                       : 4   of 4  
./towords in2                       : 4   of 4  
./towords hamlet                    : 3   of 3  
./test_stack                        : 10  of 10 
./rpncalc rpn1                      : 3   of 3  
./rpncalc rpn2                      : 0   of 3  
./rpncalc rpn3                      : 0   of 3  
./rpncalc rpn4                      : 0   of 3  
./rpncalc rpn5                      : 0   of 3  
./rpncalc rpn6                      : 0   of 3  
./rpncalc rpn7                      : 0   of 3  
./rpncalc rpn8                      : 3   of 3  
./rpncalc rpn9                      : 3   of 3  
./rpncalc rpn10                     : 3   of 3  
./rpncalc rpn11 3                   : 0   of 3  
./rpncalc rpn12 45                  : 0   of 3  
./rpncalc rpn13 2                   : 3   of 3  
./rpncalc rpn13 2                   : 3   of 3  
./rpncalc rpn13 2                   : 3   of 3  
./plot rpn14 -1 1                   : 0   of 8  
./plot rpn15 -5 5                   : 0   of 8  
./plot rpn15 -10 10                 : 0   of 7  
-------------------------------------------------
                              Total:  53 of 100



-------------------------------------------------
CS240: Lab 3. brow1325   
Thu Feb  2 21:29:49 EST 2017
-------------------------------------------------
./countlines in1                    : 4   of 4  
./countlines in2                    : 4   of 4  
./countlines hamlet                 : 3   of 3  
./towords in1                       : 4   of 4  
./towords in2                       : 4   of 4  
./towords hamlet                    : 3   of 3  
./test_stack                        : 10  of 10 
./rpncalc rpn1                      : 3   of 3  
./rpncalc rpn2                      : 0   of 3  
./rpncalc rpn3                      : 0   of 3  
./rpncalc rpn4                      : 0   of 3  
./rpncalc rpn5                      : 0   of 3  
./rpncalc rpn6                      : 0   of 3  
./rpncalc rpn7                      : 0   of 3  
./rpncalc rpn8                      : 3   of 3  
./rpncalc rpn9                      : 3   of 3  
./rpncalc rpn10                     : 3   of 3  
./rpncalc rpn11 3                   : 0   of 3  
./rpncalc rpn12 45                  : 0   of 3  
./rpncalc rpn13 2                   : 3   of 3  
./rpncalc rpn13 2                   : 3   of 3  
./rpncalc rpn13 2                   : 3   of 3  
./plot rpn14 -1 1                   : 0   of 8  
./plot rpn15 -5 5                   : 0   of 8  
./plot rpn15 -10 10                 : 0   of 7  
-------------------------------------------------
                              Total:  53 of 100



-------------------------------------------------
CS240: Lab 3. brow1325   
Thu Feb  2 21:46:12 EST 2017
-------------------------------------------------
./countlines in1                    : 4   of 4  
./countlines in2                    : 4   of 4  
./countlines hamlet                 : 3   of 3  
./towords in1                       : 4   of 4  
./towords in2                       : 4   of 4  
./towords hamlet                    : 3   of 3  
./test_stack                        : 10  of 10 
./rpncalc rpn1                      : 3   of 3  
./rpncalc rpn2                      : 0   of 3  
./rpncalc rpn3                      : 0   of 3  
./rpncalc rpn4                      : 0   of 3  
./rpncalc rpn5                      : 0   of 3  
./rpncalc rpn6                      : 0   of 3  
./rpncalc rpn7                      : 0   of 3  
./rpncalc rpn8                      : 3   of 3  
./rpncalc rpn9                      : 3   of 3  
./rpncalc rpn10                     : 3   of 3  
./rpncalc rpn11 3                   : 0   of 3  
./rpncalc rpn12 45                  : 0   of 3  
./rpncalc rpn13 2                   : 3   of 3  
./rpncalc rpn13 2                   : 3   of 3  
./rpncalc rpn13 2                   : 3   of 3  
./plot rpn14 -1 1                   : 0   of 8  
./plot rpn15 -5 5                   : 0   of 8  
./plot rpn15 -10 10                 : 0   of 7  
-------------------------------------------------
                              Total:  53 of 100



-------------------------------------------------
CS240: Lab 3. brow1325   
Thu Feb  2 21:59:22 EST 2017
-------------------------------------------------
./countlines in1                    : 4   of 4  
./countlines in2                    : 4   of 4  
./countlines hamlet                 : 3   of 3  
./towords in1                       : 4   of 4  
./towords in2                       : 4   of 4  
./towords hamlet                    : 3   of 3  
./test_stack                        : 10  of 10 
./rpncalc rpn1                      : 0   of 3  
./rpncalc rpn2                      : 0   of 3  
./rpncalc rpn3                      : 0   of 3  
./rpncalc rpn4                      : 0   of 3  
./rpncalc rpn5                      : 0   of 3  
./rpncalc rpn6                      : 0   of 3  
./rpncalc rpn7                      : 0   of 3  
./rpncalc rpn8                      : 0   of 3  
./rpncalc rpn9                      : 0   of 3  
./rpncalc rpn10                     : 0   of 3  
./rpncalc rpn11 3                   : 0   of 3  
./rpncalc rpn12 45                  : 0   of 3  
./rpncalc rpn13 2                   : 0   of 3  
./rpncalc rpn13 2                   : 0   of 3  
./rpncalc rpn13 2                   : 0   of 3  
./plot rpn14 -1 1                   : 0   of 8  
./plot rpn15 -5 5                   : 0   of 8  
./plot rpn15 -10 10                 : 0   of 7  
-------------------------------------------------
                              Total:  32 of 100



-------------------------------------------------
CS240: Lab 3. brow1325   
Thu Feb  2 22:00:03 EST 2017
-------------------------------------------------
./countlines in1                    : 4   of 4  
./countlines in2                    : 4   of 4  
./countlines hamlet                 : 3   of 3  
./towords in1                       : 4   of 4  
./towords in2                       : 4   of 4  
./towords hamlet                    : 3   of 3  
./test_stack                        : 10  of 10 
./rpncalc rpn1                      : 3   of 3  
./rpncalc rpn2                      : 0   of 3  
./rpncalc rpn3                      : 0   of 3  
./rpncalc rpn4                      : 0   of 3  
./rpncalc rpn5                      : 0   of 3  
./rpncalc rpn6                      : 0   of 3  
./rpncalc rpn7                      : 0   of 3  
./rpncalc rpn8                      : 3   of 3  
./rpncalc rpn9                      : 3   of 3  
./rpncalc rpn10                     : 3   of 3  
./rpncalc rpn11 3                   : 0   of 3  
./rpncalc rpn12 45                  : 0   of 3  
./rpncalc rpn13 2                   : 3   of 3  
./rpncalc rpn13 2                   : 3   of 3  
./rpncalc rpn13 2                   : 3   of 3  
./plot rpn14 -1 1                   : 0   of 8  
./plot rpn15 -5 5                   : 0   of 8  
./plot rpn15 -10 10                 : 0   of 7  
-------------------------------------------------
                              Total:  53 of 100



-------------------------------------------------
CS240: Lab 3. brow1325   
Thu Feb  2 22:08:38 EST 2017
-------------------------------------------------
./countlines in1                    : 4   of 4  
./countlines in2                    : 4   of 4  
./countlines hamlet                 : 3   of 3  
./towords in1                       : 4   of 4  
./towords in2                       : 4   of 4  
./towords hamlet                    : 3   of 3  
./test_stack                        : 10  of 10 
./rpncalc rpn1                      : 3   of 3  
./rpncalc rpn2                      : 0   of 3  
./rpncalc rpn3                      : 0   of 3  
./rpncalc rpn4                      : 0   of 3  
./rpncalc rpn5                      : 0   of 3  
./rpncalc rpn6                      : 0   of 3  
./rpncalc rpn7                      : 0   of 3  
./rpncalc rpn8                      : 3   of 3  
./rpncalc rpn9                      : 3   of 3  
./rpncalc rpn10                     : 3   of 3  
./rpncalc rpn11 3                   : 0   of 3  
./rpncalc rpn12 45                  : 0   of 3  
./rpncalc rpn13 2                   : 3   of 3  
./rpncalc rpn13 2                   : 3   of 3  
./rpncalc rpn13 2                   : 3   of 3  
./plot rpn14 -1 1                   : 0   of 8  
./plot rpn15 -5 5                   : 0   of 8  
./plot rpn15 -10 10                 : 0   of 7  
-------------------------------------------------
                              Total:  53 of 100



-------------------------------------------------
CS240: Lab 3. brow1325   
Thu Feb  2 22:16:40 EST 2017
-------------------------------------------------
./countlines in1                    : 4   of 4  
./countlines in2                    : 4   of 4  
./countlines hamlet                 : 3   of 3  
./towords in1                       : 4   of 4  
./towords in2                       : 4   of 4  
./towords hamlet                    : 3   of 3  
./test_stack                        : 0   of 10 
./rpncalc rpn1                      : 3   of 3  
./rpncalc rpn2                      : 0   of 3  
./rpncalc rpn3                      : 0   of 3  
./rpncalc rpn4                      : 0   of 3  
./rpncalc rpn5                      : 0   of 3  
./rpncalc rpn6                      : 0   of 3  
./rpncalc rpn7                      : 0   of 3  
./rpncalc rpn8                      : 0   of 3  
./rpncalc rpn9                      : 3   of 3  
./rpncalc rpn10                     : 3   of 3  
./rpncalc rpn11 3                   : 0   of 3  
./rpncalc rpn12 45                  : 0   of 3  
./rpncalc rpn13 2                   : 0   of 3  
./rpncalc rpn13 2                   : 0   of 3  
./rpncalc rpn13 2                   : 0   of 3  
./plot rpn14 -1 1                   : 0   of 8  
./plot rpn15 -5 5                   : 0   of 8  
./plot rpn15 -10 10                 : 0   of 7  
-------------------------------------------------
                              Total:  31 of 100



-------------------------------------------------
CS240: Lab 3. brow1325   
Thu Feb  2 22:19:04 EST 2017
-------------------------------------------------
./countlines in1                    : 4   of 4  
./countlines in2                    : 4   of 4  
./countlines hamlet                 : 3   of 3  
./towords in1                       : 4   of 4  
./towords in2                       : 4   of 4  
./towords hamlet                    : 3   of 3  
./test_stack                        : 0   of 10 
./rpncalc rpn1                      : 3   of 3  
./rpncalc rpn2                      : 0   of 3  
./rpncalc rpn3                      : 0   of 3  
./rpncalc rpn4                      : 0   of 3  
./rpncalc rpn5                      : 0   of 3  
./rpncalc rpn6                      : 0   of 3  
./rpncalc rpn7                      : 0   of 3  
./rpncalc rpn8                      : 3   of 3  
./rpncalc rpn9                      : 3   of 3  
./rpncalc rpn10                     : 3   of 3  
./rpncalc rpn11 3                   : 0   of 3  
./rpncalc rpn12 45                  : 0   of 3  
./rpncalc rpn13 2                   : 3   of 3  
./rpncalc rpn13 2                   : 3   of 3  
./rpncalc rpn13 2                   : 3   of 3  
./plot rpn14 -1 1                   : 0   of 8  
./plot rpn15 -5 5                   : 0   of 8  
./plot rpn15 -10 10                 : 0   of 7  
-------------------------------------------------
                              Total:  43 of 100



-------------------------------------------------
CS240: Lab 3. brow1325   
Thu Feb  2 22:23:48 EST 2017
-------------------------------------------------
./countlines in1                    : 4   of 4  
./countlines in2                    : 4   of 4  
./countlines hamlet                 : 3   of 3  
./towords in1                       : 4   of 4  
./towords in2                       : 4   of 4  
./towords hamlet                    : 3   of 3  
./test_stack                        : 0   of 10 
./rpncalc rpn1                      : 3   of 3  
./rpncalc rpn2                      : 0   of 3  
./rpncalc rpn3                      : 0   of 3  
./rpncalc rpn4                      : 0   of 3  
./rpncalc rpn5                      : 0   of 3  
./rpncalc rpn6                      : 0   of 3  
./rpncalc rpn7                      : 0   of 3  
./rpncalc rpn8                      : 3   of 3  
./rpncalc rpn9                      : 3   of 3  
./rpncalc rpn10                     : 3   of 3  
./rpncalc rpn11 3                   : 0   of 3  
./rpncalc rpn12 45                  : 0   of 3  
./rpncalc rpn13 2                   : 3   of 3  
./rpncalc rpn13 2                   : 3   of 3  
./rpncalc rpn13 2                   : 3   of 3  
./plot rpn14 -1 1                   : 0   of 8  
./plot rpn15 -5 5                   : 0   of 8  
./plot rpn15 -10 10                 : 0   of 7  
-------------------------------------------------
                              Total:  43 of 100



-------------------------------------------------
CS240: Lab 3. brow1325   
Thu Feb  2 22:26:40 EST 2017
-------------------------------------------------
./countlines in1                    : 4   of 4  
./countlines in2                    : 4   of 4  
./countlines hamlet                 : 3   of 3  
./towords in1                       : 4   of 4  
./towords in2                       : 4   of 4  
./towords hamlet                    : 3   of 3  
./test_stack                        : 0   of 10 
./rpncalc rpn1                      : 0   of 3  
./rpncalc rpn2                      : 0   of 3  
./rpncalc rpn3                      : 0   of 3  
./rpncalc rpn4                      : 0   of 3  
./rpncalc rpn5                      : 0   of 3  
./rpncalc rpn6                      : 0   of 3  
./rpncalc rpn7                      : 0   of 3  
./rpncalc rpn8                      : 0   of 3  
./rpncalc rpn9                      : 3   of 3  
./rpncalc rpn10                     : 3   of 3  
./rpncalc rpn11 3                   : 0   of 3  
./rpncalc rpn12 45                  : 0   of 3  
./rpncalc rpn13 2                   : 0   of 3  
./rpncalc rpn13 2                   : 0   of 3  
./rpncalc rpn13 2                   : 0   of 3  
./plot rpn14 -1 1                   : 0   of 8  
./plot rpn15 -5 5                   : 0   of 8  
./plot rpn15 -10 10                 : 0   of 7  
-------------------------------------------------
                              Total:  28 of 100



-------------------------------------------------
CS240: Lab 3. brow1325   
Thu Feb  2 22:27:05 EST 2017
-------------------------------------------------
./countlines in1                    : 4   of 4  
./countlines in2                    : 4   of 4  
./countlines hamlet                 : 3   of 3  
./towords in1                       : 4   of 4  
./towords in2                       : 4   of 4  
./towords hamlet                    : 3   of 3  
./test_stack                        : 10  of 10 
./rpncalc rpn1                      : 3   of 3  
./rpncalc rpn2                      : 0   of 3  
./rpncalc rpn3                      : 0   of 3  
./rpncalc rpn4                      : 0   of 3  
./rpncalc rpn5                      : 0   of 3  
./rpncalc rpn6                      : 0   of 3  
./rpncalc rpn7                      : 0   of 3  
./rpncalc rpn8                      : 3   of 3  
./rpncalc rpn9                      : 3   of 3  
./rpncalc rpn10                     : 3   of 3  
./rpncalc rpn11 3                   : 0   of 3  
./rpncalc rpn12 45                  : 0   of 3  
./rpncalc rpn13 2                   : 3   of 3  
./rpncalc rpn13 2                   : 3   of 3  
./rpncalc rpn13 2                   : 3   of 3  
./plot rpn14 -1 1                   : 0   of 8  
./plot rpn15 -5 5                   : 0   of 8  
./plot rpn15 -10 10                 : 0   of 7  
-------------------------------------------------
                              Total:  53 of 100



-------------------------------------------------
CS240: Lab 3. brow1325   
Thu Feb  2 22:35:53 EST 2017
-------------------------------------------------
./countlines in1                    : 4   of 4  
./countlines in2                    : 4   of 4  
./countlines hamlet                 : 3   of 3  
./towords in1                       : 4   of 4  
./towords in2                       : 4   of 4  
./towords hamlet                    : 3   of 3  
./test_stack                        : 10  of 10 
./rpncalc rpn1                      : 3   of 3  
./rpncalc rpn2                      : 0   of 3  
./rpncalc rpn3                      : 0   of 3  
./rpncalc rpn4                      : 0   of 3  
./rpncalc rpn5                      : 0   of 3  
./rpncalc rpn6                      : 0   of 3  
./rpncalc rpn7                      : 0   of 3  
./rpncalc rpn8                      : 3   of 3  
./rpncalc rpn9                      : 3   of 3  
./rpncalc rpn10                     : 3   of 3  
./rpncalc rpn11 3                   : 0   of 3  
./rpncalc rpn12 45                  : 0   of 3  
./rpncalc rpn13 2                   : 3   of 3  
./rpncalc rpn13 2                   : 3   of 3  
./rpncalc rpn13 2                   : 3   of 3  
./plot rpn14 -1 1                   : 0   of 8  
./plot rpn15 -5 5                   : 0   of 8  
./plot rpn15 -10 10                 : 0   of 7  
-------------------------------------------------
                              Total:  53 of 100



-------------------------------------------------
CS240: Lab 3. brow1325   
Thu Feb  2 22:38:23 EST 2017
-------------------------------------------------
./countlines in1                    : 4   of 4  
./countlines in2                    : 4   of 4  
./countlines hamlet                 : 3   of 3  
./towords in1                       : 4   of 4  
./towords in2                       : 4   of 4  
./towords hamlet                    : 3   of 3  
./test_stack                        : 10  of 10 
./rpncalc rpn1                      : 3   of 3  
./rpncalc rpn2                      : 0   of 3  
./rpncalc rpn3                      : 0   of 3  
./rpncalc rpn4                      : 0   of 3  
./rpncalc rpn5                      : 0   of 3  
./rpncalc rpn6                      : 0   of 3  
./rpncalc rpn7                      : 0   of 3  
./rpncalc rpn8                      : 3   of 3  
./rpncalc rpn9                      : 3   of 3  
./rpncalc rpn10                     : 3   of 3  
./rpncalc rpn11 3                   : 0   of 3  
./rpncalc rpn12 45                  : 0   of 3  
./rpncalc rpn13 2                   : 3   of 3  
./rpncalc rpn13 2                   : 3   of 3  
./rpncalc rpn13 2                   : 3   of 3  
./plot rpn14 -1 1                   : 0   of 8  
./plot rpn15 -5 5                   : 0   of 8  
./plot rpn15 -10 10                 : 0   of 7  
-------------------------------------------------
                              Total:  53 of 100



-------------------------------------------------
CS240: Lab 3. brow1325   
Thu Feb  2 22:39:27 EST 2017
-------------------------------------------------
./countlines in1                    : 4   of 4  
./countlines in2                    : 4   of 4  
./countlines hamlet                 : 3   of 3  
./towords in1                       : 4   of 4  
./towords in2                       : 4   of 4  
./towords hamlet                    : 3   of 3  
./test_stack                        : 10  of 10 
./rpncalc rpn1                      : 3   of 3  
./rpncalc rpn2                      : 0   of 3  
./rpncalc rpn3                      : 0   of 3  
./rpncalc rpn4                      : 0   of 3  
./rpncalc rpn5                      : 0   of 3  
./rpncalc rpn6                      : 0   of 3  
./rpncalc rpn7                      : 0   of 3  
./rpncalc rpn8                      : 3   of 3  
./rpncalc rpn9                      : 3   of 3  
./rpncalc rpn10                     : 3   of 3  
./rpncalc rpn11 3                   : 0   of 3  
./rpncalc rpn12 45                  : 0   of 3  
./rpncalc rpn13 2                   : 3   of 3  
./rpncalc rpn13 2                   : 3   of 3  
./rpncalc rpn13 2                   : 3   of 3  
./plot rpn14 -1 1                   : 0   of 8  
./plot rpn15 -5 5                   : 0   of 8  
./plot rpn15 -10 10                 : 0   of 7  
-------------------------------------------------
                              Total:  53 of 100



-------------------------------------------------
CS240: Lab 3. brow1325   
Thu Feb  2 23:22:04 EST 2017
-------------------------------------------------
./countlines in1                    : 4   of 4  
./countlines in2                    : 4   of 4  
./countlines hamlet                 : 3   of 3  
./towords in1                       : 4   of 4  
./towords in2                       : 4   of 4  
./towords hamlet                    : 3   of 3  
./test_stack                        : 10  of 10 
./rpncalc rpn1                      : 3   of 3  
./rpncalc rpn2                      : 0   of 3  
./rpncalc rpn3                      : 0   of 3  
./rpncalc rpn4                      : 0   of 3  
./rpncalc rpn5                      : 0   of 3  
./rpncalc rpn6                      : 0   of 3  
./rpncalc rpn7                      : 0   of 3  
./rpncalc rpn8                      : 3   of 3  
./rpncalc rpn9                      : 3   of 3  
./rpncalc rpn10                     : 3   of 3  
./rpncalc rpn11 3                   : 0   of 3  
./rpncalc rpn12 45                  : 0   of 3  
./rpncalc rpn13 2                   : 3   of 3  
./rpncalc rpn13 2                   : 3   of 3  
./rpncalc rpn13 2                   : 3   of 3  
./plot rpn14 -1 1                   : 0   of 8  
./plot rpn15 -5 5                   : 0   of 8  
./plot rpn15 -10 10                 : 0   of 7  
-------------------------------------------------
                              Total:  53 of 100



-------------------------------------------------
CS240: Lab 3. brow1325   
Thu Feb  2 23:22:43 EST 2017
-------------------------------------------------
./countlines in1                    : 4   of 4  
./countlines in2                    : 4   of 4  
./countlines hamlet                 : 3   of 3  
./towords in1                       : 4   of 4  
./towords in2                       : 4   of 4  
./towords hamlet                    : 3   of 3  
./test_stack                        : 10  of 10 
./rpncalc rpn1                      : 3   of 3  
./rpncalc rpn2                      : 0   of 3  
./rpncalc rpn3                      : 0   of 3  
./rpncalc rpn4                      : 0   of 3  
./rpncalc rpn5                      : 0   of 3  
./rpncalc rpn6                      : 0   of 3  
./rpncalc rpn7                      : 0   of 3  
./rpncalc rpn8                      : 3   of 3  
./rpncalc rpn9                      : 3   of 3  
./rpncalc rpn10                     : 3   of 3  
./rpncalc rpn11 3                   : 0   of 3  
./rpncalc rpn12 45                  : 0   of 3  
./rpncalc rpn13 2                   : 3   of 3  
./rpncalc rpn13 2                   : 3   of 3  
./rpncalc rpn13 2                   : 3   of 3  
./plot rpn14 -1 1                   : 0   of 8  
./plot rpn15 -5 5                   : 0   of 8  
./plot rpn15 -10 10                 : 0   of 7  
-------------------------------------------------
                              Total:  53 of 100



-------------------------------------------------
CS240: Lab 3. brow1325   
Thu Feb  2 23:23:22 EST 2017
-------------------------------------------------
./countlines in1                    : 4   of 4  
./countlines in2                    : 4   of 4  
./countlines hamlet                 : 3   of 3  
./towords in1                       : 4   of 4  
./towords in2                       : 4   of 4  
./towords hamlet                    : 3   of 3  
./test_stack                        : 10  of 10 
./rpncalc rpn1                      : 3   of 3  
./rpncalc rpn2                      : 0   of 3  
./rpncalc rpn3                      : 0   of 3  
./rpncalc rpn4                      : 0   of 3  
./rpncalc rpn5                      : 0   of 3  
./rpncalc rpn6                      : 0   of 3  
./rpncalc rpn7                      : 0   of 3  
./rpncalc rpn8                      : 3   of 3  
./rpncalc rpn9                      : 3   of 3  
./rpncalc rpn10                     : 3   of 3  
./rpncalc rpn11 3                   : 0   of 3  
./rpncalc rpn12 45                  : 0   of 3  
./rpncalc rpn13 2                   : 3   of 3  
./rpncalc rpn13 2                   : 3   of 3  
./rpncalc rpn13 2                   : 3   of 3  
./plot rpn14 -1 1                   : 8   of 8  
./plot rpn15 -5 5                   : 8   of 8  
./plot rpn15 -10 10                 : 7   of 7  
-------------------------------------------------
                              Total:  76 of 100



-------------------------------------------------
CS240: Lab 3. brow1325   
Fri Feb  3 10:09:18 EST 2017
-------------------------------------------------
./countlines in1                    : 4   of 4  
./countlines in2                    : 4   of 4  
./countlines hamlet                 : 3   of 3  
./towords in1                       : 4   of 4  
./towords in2                       : 4   of 4  
./towords hamlet                    : 3   of 3  
./test_stack                        : 10  of 10 
./rpncalc rpn1                      : 3   of 3  
./rpncalc rpn2                      : 0   of 3  
./rpncalc rpn3                      : 0   of 3  
./rpncalc rpn4                      : 0   of 3  
./rpncalc rpn5                      : 0   of 3  
./rpncalc rpn6                      : 0   of 3  
./rpncalc rpn7                      : 0   of 3  
./rpncalc rpn8                      : 3   of 3  
./rpncalc rpn9                      : 3   of 3  
./rpncalc rpn10                     : 3   of 3  
./rpncalc rpn11 3                   : 0   of 3  
./rpncalc rpn12 45                  : 0   of 3  
./rpncalc rpn13 2                   : 3   of 3  
./rpncalc rpn13 2                   : 3   of 3  
./rpncalc rpn13 2                   : 3   of 3  
./plot rpn14 -1 1                   : 8   of 8  
./plot rpn15 -5 5                   : 8   of 8  
./plot rpn15 -10 10                 : 7   of 7  
-------------------------------------------------
                              Total:  76 of 100



-------------------------------------------------
CS240: Lab 3. brow1325   
Fri Feb  3 13:35:23 EST 2017
-------------------------------------------------
./countlines in1                    : 4   of 4  
./countlines in2                    : 4   of 4  
./countlines hamlet                 : 3   of 3  
./towords in1                       : 4   of 4  
./towords in2                       : 4   of 4  
./towords hamlet                    : 3   of 3  
./test_stack                        : 10  of 10 
./rpncalc rpn1                      : 3   of 3  
./rpncalc rpn2                      : 0   of 3  
./rpncalc rpn3                      : 0   of 3  
./rpncalc rpn4                      : 0   of 3  
./rpncalc rpn5                      : 0   of 3  
./rpncalc rpn6                      : 0   of 3  
./rpncalc rpn7                      : 0   of 3  
./rpncalc rpn8                      : 3   of 3  
./rpncalc rpn9                      : 3   of 3  
./rpncalc rpn10                     : 3   of 3  
./rpncalc rpn11 3                   : 0   of 3  
./rpncalc rpn12 45                  : 0   of 3  
./rpncalc rpn13 2                   : 3   of 3  
./rpncalc rpn13 2                   : 3   of 3  
./rpncalc rpn13 2                   : 3   of 3  
./plot rpn14 -1 1                   : 8   of 8  
./plot rpn15 -5 5                   : 8   of 8  
./plot rpn15 -10 10                 : 7   of 7  
-------------------------------------------------
                              Total:  76 of 100

