[master (root-commit) 25f1396] 3 of 126
 Committer: CS24000 Account <cs240@data.cs.purdue.edu>
Your name and email address were configured automatically based
on your username and hostname. Please check that they are accurate.
You can suppress this message by setting them explicitly. Run the
following command and follow the instructions in your editor to edit
your configuration file:

    git config --global --edit

After doing this, you may fix the identity used for this commit with:

    git commit --amend --reset-author

 42 files changed, 1141 insertions(+)
 create mode 100644 .local.git.out
 create mode 100644 .local.total.out
 create mode 100644 Makefile
 create mode 100644 array.c
 create mode 100644 array.h
 create mode 100644 bits.c
 create mode 100644 bits.h
 create mode 100755 convert
 create mode 100644 convert.c
 create mode 100755 convert.org
 create mode 100644 convert.org.out
 create mode 100644 convert.out
 create mode 100644 diff.out
 create mode 100644 hintdump.c
 create mode 100755 mem
 create mode 100644 mem.c
 create mode 100644 mymemdump.c
 create mode 100644 mystring.c
 create mode 100644 mystring.h
 create mode 100644 none
 create mode 100644 obj/orgmemdump.o
 create mode 100755 test_array
 create mode 100644 test_array.c
 create mode 100755 test_array.org
 create mode 100644 test_array.org.out
 create mode 100644 test_array.out
 create mode 100755 test_bits
 create mode 100644 test_bits.c
 create mode 100755 test_bits.org
 create mode 100644 test_bits.org.out
 create mode 100644 test_bits.out
 create mode 100755 test_mystring
 create mode 100644 test_mystring.c
 create mode 100755 test_mystring.org
 create mode 100644 test_mystring.org.out
 create mode 100644 test_mystring.out
 create mode 100755 testall
 create mode 100755 testmemdump
 create mode 100644 testmemdump.c
 create mode 100644 testmemdump.out
 create mode 100644 total.out
 create mode 100644 total.txt
[master c37a57e] 3 of 126
 Committer: CS24000 Account <cs240@data.cs.purdue.edu>
Your name and email address were configured automatically based
on your username and hostname. Please check that they are accurate.
You can suppress this message by setting them explicitly. Run the
following command and follow the instructions in your editor to edit
your configuration file:

    git config --global --edit

After doing this, you may fix the identity used for this commit with:

    git commit --amend --reset-author

 8 files changed, 80 insertions(+), 21 deletions(-)
[master 8f4374a] 3 of 126
 Committer: CS24000 Account <cs240@data.cs.purdue.edu>
Your name and email address were configured automatically based
on your username and hostname. Please check that they are accurate.
You can suppress this message by setting them explicitly. Run the
following command and follow the instructions in your editor to edit
your configuration file:

    git config --global --edit

After doing this, you may fix the identity used for this commit with:

    git commit --amend --reset-author

 7 files changed, 37 insertions(+), 20 deletions(-)
[master ef2c14d] 3 of 116
 Committer: CS24000 Account <cs240@data.cs.purdue.edu>
Your name and email address were configured automatically based
on your username and hostname. Please check that they are accurate.
You can suppress this message by setting them explicitly. Run the
following command and follow the instructions in your editor to edit
your configuration file:

    git config --global --edit

After doing this, you may fix the identity used for this commit with:

    git commit --amend --reset-author

 9 files changed, 57 insertions(+), 40 deletions(-)
[master 975a4e3] 3 of 102
 Committer: CS24000 Account <cs240@data.cs.purdue.edu>
Your name and email address were configured automatically based
on your username and hostname. Please check that they are accurate.
You can suppress this message by setting them explicitly. Run the
following command and follow the instructions in your editor to edit
your configuration file:

    git config --global --edit

After doing this, you may fix the identity used for this commit with:

    git commit --amend --reset-author

 9 files changed, 65 insertions(+), 48 deletions(-)
[master 0c1871f] 3 of 100
 Committer: CS24000 Account <cs240@data.cs.purdue.edu>
Your name and email address were configured automatically based
on your username and hostname. Please check that they are accurate.
You can suppress this message by setting them explicitly. Run the
following command and follow the instructions in your editor to edit
your configuration file:

    git config --global --edit

After doing this, you may fix the identity used for this commit with:

    git commit --amend --reset-author

 9 files changed, 41 insertions(+), 24 deletions(-)
[master 55402a6] 0 of 43
 Committer: CS24000 Account <cs240@data.cs.purdue.edu>
Your name and email address were configured automatically based
on your username and hostname. Please check that they are accurate.
You can suppress this message by setting them explicitly. Run the
following command and follow the instructions in your editor to edit
your configuration file:

    git config --global --edit

After doing this, you may fix the identity used for this commit with:

    git commit --amend --reset-author

 5 files changed, 18 insertions(+), 53 deletions(-)
 rewrite Makefile (80%)
 create mode 100644 total.out
[master d4438e2] 0 of 43
 5 files changed, 43 insertions(+), 8 deletions(-)
[master e5398af] 0 of 43
 4 files changed, 51 insertions(+), 23 deletions(-)
[master b9f3bc1] 0 of 43
 4 files changed, 6 insertions(+), 5 deletions(-)
[master 027786c] 0 of 43
 4 files changed, 7 insertions(+), 5 deletions(-)
[master 6a46915] 0 of 43
 4 files changed, 8 insertions(+), 8 deletions(-)
[master cd3c28f] 0 of 43
 4 files changed, 6 insertions(+), 5 deletions(-)
[master 2ff197b] 0 of 43
 5 files changed, 22 insertions(+), 16 deletions(-)
[master df0f671] 0 of 43
 5 files changed, 7 insertions(+), 7 deletions(-)
[master 8de20aa] 0 of 43
 5 files changed, 10 insertions(+), 9 deletions(-)
[master 7b4ff9b] 0 of 43
 4 files changed, 6 insertions(+), 6 deletions(-)
[master 1717657] 0 of 43
 5 files changed, 5 insertions(+), 11 deletions(-)
[master e0a1314] 0 of 43
 5 files changed, 14 insertions(+), 6 deletions(-)
[master e3354b9] 2 of 43
 5 files changed, 9 insertions(+), 14 deletions(-)
[master f022ac4] 10 of 43
 5 files changed, 17 insertions(+), 14 deletions(-)
[master f2d61e8] 18 of 43
 4 files changed, 24 insertions(+), 16 deletions(-)
[master 7620d35] 20 of 43
 5 files changed, 10 insertions(+), 7 deletions(-)
[master 5d5fd98] 28 of 43
 4 files changed, 6 insertions(+), 6 deletions(-)
[master e11d2df] 28 of 43
 4 files changed, 54 insertions(+), 7 deletions(-)
[master 819a1c7] 28 of 43
 2 files changed, 17 insertions(+), 10 deletions(-)
[master 07affee] 28 of 43
 4 files changed, 18 insertions(+), 18 deletions(-)
[master 6762780] 43 of 43
 4 files changed, 9 insertions(+), 5 deletions(-)
[master b438955] 43 of 43
 1 file changed, 1 insertion(+), 1 deletion(-)
