CS240: lab4. cs240 Tue Oct 13 21:53:11 EDT 2015  Total:  9 of 100

CS240: lab4. cs240 Tue Oct 13 21:57:46 EDT 2015  Total:  10 of 100

CS240: lab4. cs240 Tue Oct 13 21:58:16 EDT 2015  Total:  -11 of 79

CS240: lab4. cs240 Tue Oct 13 22:00:08 EDT 2015  Total:  -14 of 64

CS240: lab4. cs240 Tue Oct 13 22:00:41 EDT 2015  Total:  -14 of 64

CS240: lab5. cs240 Tue Oct 13 22:01:11 EDT 2015  Total:  6 of 64

CS240: lab5. cs240 Sun Feb 26 17:26:15 EST 2017  Total:  6 of 64

CS240: lab7. cs240 Tue Feb 28 10:29:18 EST 2017  Total:  0 of 28

CS240: lab7. cs240 Tue Feb 28 10:29:22 EST 2017  Total:  0 of 28

CS240: lab7. brow1325 Fri Mar 3 14:32:05 EST 2017  Total:  0 of 28

CS240: lab7. brow1325 Fri Mar 3 14:46:40 EST 2017  Total:  0 of 28

CS240: lab7. brow1325 Fri Mar 3 14:47:39 EST 2017  Total:  0 of 28

CS240: lab7. brow1325 Fri Mar 3 14:58:20 EST 2017  Total:  8 of 28

CS240: lab7. brow1325 Thu Mar 9 16:44:04 EST 2017  Total:  8 of 28

CS240: lab7. brow1325 Thu Mar 9 16:47:57 EST 2017  Total:  8 of 28

CS240: lab7. brow1325 Thu Mar 9 16:50:17 EST 2017  Total:  8 of 28

CS240: lab7. brow1325 Thu Mar 9 16:54:21 EST 2017  Total:  8 of 28

CS240: lab7. brow1325 Thu Mar 9 17:23:51 EST 2017  Total:  8 of 28

CS240: lab7. brow1325 Thu Mar 9 17:49:38 EST 2017  Total:  8 of 28

CS240: lab7. brow1325 Thu Mar 9 18:16:06 EST 2017  Total:  8 of 28

CS240: lab7. brow1325 Thu Mar 9 19:35:20 EST 2017  Total:  8 of 28

CS240: lab7. brow1325 Thu Mar 9 19:45:06 EST 2017  Total:  8 of 28

CS240: lab7. brow1325 Thu Mar 9 19:49:03 EST 2017  Total:  19 of 28

CS240: lab7. brow1325 Thu Mar 9 19:51:52 EST 2017  Total:  19 of 28

CS240: lab7. brow1325 Thu Mar 9 19:52:17 EST 2017  Total:  19 of 28

CS240: lab7. brow1325 Thu Mar 9 19:53:13 EST 2017  Total:  28 of 28

CS240: lab7. brow1325 Fri Mar 10 13:34:32 EST 2017  Total:  28 of 28

CS240: lab7. brow1325 Fri Mar 10 13:45:16 EST 2017  Total:  28 of 28

