

-------------------------------------------------
CS240 Midterm 1: emptyLineCount. nguye225   
Tue Feb 23 15:45:28 EST 2016
-------------------------------------------------
task29  : test1                          0   of 5  
task29  : test2                          0   of 5  
task29  : test3                          0   of 5  
task29  : test4                          5   of 5  
task29  : test5                          0   of 5  
task29  : test6                          0   of 5  
-------------------------------------------------
CS240 - Midterm 1: emptyLineCount. nguye225 Tue Feb 23 15:45:28 EST 2016  Total:  5 of 30



-------------------------------------------------
CS240 Midterm 1: emptyLineCount. nguye225   
Tue Feb 23 15:46:04 EST 2016
-------------------------------------------------
task29  : test1                          0   of 5  
task29  : test2                          0   of 5  
task29  : test3                          0   of 5  
task29  : test4                          5   of 5  
task29  : test5                          0   of 5  
task29  : test6                          0   of 5  
-------------------------------------------------
CS240 - Midterm 1: emptyLineCount. nguye225 Tue Feb 23 15:46:04 EST 2016  Total:  5 of 30



-------------------------------------------------
CS240 Midterm 1: emptyLineCount. nguye225   
Tue Feb 23 16:16:55 EST 2016
-------------------------------------------------
task29  : test1                          0   of 5  
task29  : test2                          0   of 5  
task29  : test3                          0   of 5  
task29  : test4                          5   of 5  
task29  : test5                          0   of 5  
task29  : test6                          0   of 5  
-------------------------------------------------
CS240 - Midterm 1: emptyLineCount. nguye225 Tue Feb 23 16:16:55 EST 2016  Total:  5 of 30



-------------------------------------------------
CS240 Midterm 1: emptyLineCount. nguye225   
Tue Feb 23 16:24:24 EST 2016
-------------------------------------------------
task29  : test1                          0   of 5  
task29  : test2                          0   of 5  
task29  : test3                          0   of 5  
task29  : test4                          5   of 5  
task29  : test5                          0   of 5  
task29  : test6                          0   of 5  
-------------------------------------------------
CS240 - Midterm 1: emptyLineCount. nguye225 Tue Feb 23 16:24:24 EST 2016  Total:  5 of 30



-------------------------------------------------
CS240 Midterm 1: emptyLineCount. nguye225   
Tue Feb 23 16:26:35 EST 2016
-------------------------------------------------
task29  : test1                          5   of 5  
task29  : test2                          5   of 5  
task29  : test3                          5   of 5  
task29  : test4                          5   of 5  
task29  : test5                          5   of 5  
task29  : test6                          5   of 5  
-------------------------------------------------
CS240 - Midterm 1: emptyLineCount. nguye225 Tue Feb 23 16:26:35 EST 2016  Total:  30 of 30



-------------------------------------------------
CS240 Midterm 1: emptyLineCount. nguye225   
Tue Feb 23 16:26:53 EST 2016
-------------------------------------------------
task29  : test1                          5   of 5  
task29  : test2                          5   of 5  
task29  : test3                          5   of 5  
task29  : test4                          5   of 5  
task29  : test5                          5   of 5  
task29  : test6                          5   of 5  
-------------------------------------------------
CS240 - Midterm 1: emptyLineCount. nguye225 Tue Feb 23 16:26:53 EST 2016  Total:  30 of 30



-------------------------------------------------
CS240 Midterm 1: emptyLineCount. nguye225   
Tue Feb 23 16:27:01 EST 2016
-------------------------------------------------
task29  : test1                          5   of 5  
task29  : test2                          5   of 5  
task29  : test3                          5   of 5  
task29  : test4                          5   of 5  
task29  : test5                          5   of 5  
task29  : test6                          5   of 5  
-------------------------------------------------
CS240 - Midterm 1: emptyLineCount. nguye225 Tue Feb 23 16:27:01 EST 2016  Total:  30 of 30



-------------------------------------------------
CS240 Midterm 1: emptyLineCount. cs240   
Mon Jan 30 22:26:59 EST 2017
-------------------------------------------------
task29  : test1                          0   of 5  
task29  : test2                          0   of 5  
task29  : test3                          0   of 5  
task29  : test4                          5   of 5  
task29  : test5                          0   of 5  
task29  : test6                          0   of 5  
-------------------------------------------------
CS240 - Midterm 1: emptyLineCount. cs240 Mon Jan 30 22:26:59 EST 2017  Total:  5 of 30



-------------------------------------------------
CS240 Midterm 1: emptyLineCount. cs240   
Mon Jan 30 22:27:44 EST 2017
-------------------------------------------------
task29  : test1                          0   of 5  
task29  : test2                          0   of 5  
task29  : test3                          0   of 5  
task29  : test4                          5   of 5  
task29  : test5                          0   of 5  
task29  : test6                          0   of 5  
-------------------------------------------------
CS240 - Midterm 1: emptyLineCount. cs240 Mon Jan 30 22:27:44 EST 2017  Total:  5 of 30



-------------------------------------------------
CS240 Midterm 1: emptyLineCount. cs240   
Mon Jan 30 22:30:34 EST 2017
-------------------------------------------------
task29  : test1                          0   of 5  
task29  : test2                          0   of 5  
task29  : test3                          0   of 5  
task29  : test4                          5   of 5  
task29  : test5                          0   of 5  
task29  : test6                          0   of 5  
-------------------------------------------------
CS240 - Midterm 1: emptyLineCount. cs240 Mon Jan 30 22:30:34 EST 2017  Total:  5 of 30



-------------------------------------------------
CS240 Midterm 1: emptyLineCount. cs240   
Mon Jan 30 22:37:46 EST 2017
-------------------------------------------------
task29  : test1                          0   of 5  
task29  : test2                          0   of 5  
task29  : test3                          0   of 5  
task29  : test4                          5   of 5  
task29  : test5                          0   of 5  
task29  : test6                          0   of 5  
-------------------------------------------------
CS240 - Midterm 1: emptyLineCount. cs240 Mon Jan 30 22:37:46 EST 2017  Total:  5 of 30



-------------------------------------------------
CS240 Midterm 1: emptyLineCount. cs240   
Mon Jan 30 22:40:44 EST 2017
-------------------------------------------------
task29  : test1                          0   of 5  
task29  : test2                          0   of 5  
task29  : test3                          0   of 5  
task29  : test4                          5   of 5  
task29  : test5                          0   of 5  
task29  : test6                          0   of 5  
-------------------------------------------------
CS240 - Midterm 1: emptyLineCount. cs240 Mon Jan 30 22:40:44 EST 2017  Total:  5 of 30



-------------------------------------------------
CS240 Midterm 1: emptyLineCount. cs240   
Mon Jan 30 22:41:11 EST 2017
-------------------------------------------------
task29  : test1                          0   of 5  
task29  : test2                          0   of 5  
task29  : test3                          0   of 5  
task29  : test4                          5   of 5  
task29  : test5                          0   of 5  
task29  : test6                          0   of 5  
-------------------------------------------------
CS240 - Midterm 1: emptyLineCount. cs240 Mon Jan 30 22:41:11 EST 2017  Total:  5 of 30



-------------------------------------------------
CS240 Midterm 1: emptyLineCount. cs240   
Mon Jan 30 22:41:45 EST 2017
-------------------------------------------------
task29  : test1                          0   of 5  
task29  : test2                          0   of 5  
task29  : test3                          0   of 5  
task29  : test4                          5   of 5  
task29  : test5                          0   of 5  
task29  : test6                          0   of 5  
-------------------------------------------------
CS240 - Midterm 1: emptyLineCount. cs240 Mon Jan 30 22:41:45 EST 2017  Total:  5 of 30



-------------------------------------------------
CS240 Midterm 1: emptyLineCount. cs240   
Mon Jan 30 22:42:29 EST 2017
-------------------------------------------------
task29  : test1                          0   of 5  
task29  : test2                          0   of 5  
task29  : test3                          0   of 5  
task29  : test4                          5   of 5  
task29  : test5                          0   of 5  
task29  : test6                          0   of 5  
-------------------------------------------------
CS240 - Midterm 1: emptyLineCount. cs240 Mon Jan 30 22:42:29 EST 2017  Total:  5 of 30



-------------------------------------------------
CS240 Midterm 1: emptyLineCount. cs240   
Mon Jan 30 22:42:49 EST 2017
-------------------------------------------------
task29  : test1                          0   of 5  
task29  : test2                          0   of 5  
task29  : test3                          0   of 5  
task29  : test4                          5   of 5  
task29  : test5                          0   of 5  
task29  : test6                          0   of 5  
-------------------------------------------------
CS240 - Midterm 1: emptyLineCount. cs240 Mon Jan 30 22:42:49 EST 2017  Total:  5 of 30



-------------------------------------------------
CS240 Midterm 1: emptyLineCount. brow1325   
Fri Feb  3 14:49:42 EST 2017
-------------------------------------------------
task29  : test1                          0   of 5  
task29  : test2                          0   of 5  
task29  : test3                          0   of 5  
task29  : test4                          5   of 5  
task29  : test5                          0   of 5  
task29  : test6                          5   of 5  
-------------------------------------------------
CS240 - Midterm 1: emptyLineCount. brow1325 Fri Feb 3 14:49:42 EST 2017  Total:  10 of 30



-------------------------------------------------
CS240 Midterm 1: emptyLineCount. brow1325   
Fri Feb  3 14:57:00 EST 2017
-------------------------------------------------
task29  : test1                          0   of 5  
task29  : test2                          0   of 5  
task29  : test3                          0   of 5  
task29  : test4                          5   of 5  
task29  : test5                          0   of 5  
task29  : test6                          0   of 5  
-------------------------------------------------
CS240 - Midterm 1: emptyLineCount. brow1325 Fri Feb 3 14:57:00 EST 2017  Total:  5 of 30



-------------------------------------------------
CS240 Midterm 1: emptyLineCount. brow1325   
Fri Feb  3 14:57:54 EST 2017
-------------------------------------------------
task29  : test1                          0   of 5  
task29  : test2                          0   of 5  
task29  : test3                          0   of 5  
task29  : test4                          5   of 5  
task29  : test5                          0   of 5  
task29  : test6                          0   of 5  
-------------------------------------------------
CS240 - Midterm 1: emptyLineCount. brow1325 Fri Feb 3 14:57:54 EST 2017  Total:  5 of 30



-------------------------------------------------
CS240 Midterm 1: emptyLineCount. brow1325   
Fri Feb  3 15:00:51 EST 2017
-------------------------------------------------
task29  : test1                          0   of 5  
task29  : test2                          0   of 5  
task29  : test3                          5   of 5  
task29  : test4                          5   of 5  
task29  : test5                          0   of 5  
task29  : test6                          5   of 5  
-------------------------------------------------
CS240 - Midterm 1: emptyLineCount. brow1325 Fri Feb 3 15:00:51 EST 2017  Total:  15 of 30



-------------------------------------------------
CS240 Midterm 1: emptyLineCount. brow1325   
Fri Feb  3 15:02:49 EST 2017
-------------------------------------------------
task29  : test1                          0   of 5  
task29  : test2                          0   of 5  
task29  : test3                          5   of 5  
task29  : test4                          5   of 5  
task29  : test5                          0   of 5  
task29  : test6                          5   of 5  
-------------------------------------------------
CS240 - Midterm 1: emptyLineCount. brow1325 Fri Feb 3 15:02:49 EST 2017  Total:  15 of 30



-------------------------------------------------
CS240 Midterm 1: emptyLineCount. brow1325   
Fri Feb  3 15:05:23 EST 2017
-------------------------------------------------
task29  : test1                          0   of 5  
task29  : test2                          0   of 5  
task29  : test3                          0   of 5  
task29  : test4                          5   of 5  
task29  : test5                          0   of 5  
task29  : test6                          5   of 5  
-------------------------------------------------
CS240 - Midterm 1: emptyLineCount. brow1325 Fri Feb 3 15:05:23 EST 2017  Total:  10 of 30



-------------------------------------------------
CS240 Midterm 1: emptyLineCount. brow1325   
Fri Feb  3 15:07:54 EST 2017
-------------------------------------------------
task29  : test1                          0   of 5  
task29  : test2                          0   of 5  
task29  : test3                          0   of 5  
task29  : test4                          5   of 5  
task29  : test5                          0   of 5  
task29  : test6                          0   of 5  
-------------------------------------------------
CS240 - Midterm 1: emptyLineCount. brow1325 Fri Feb 3 15:07:54 EST 2017  Total:  5 of 30



-------------------------------------------------
CS240 Midterm 1: emptyLineCount. brow1325   
Fri Feb  3 15:08:10 EST 2017
-------------------------------------------------
task29  : test1                          0   of 5  
task29  : test2                          0   of 5  
task29  : test3                          0   of 5  
task29  : test4                          5   of 5  
task29  : test5                          0   of 5  
task29  : test6                          0   of 5  
-------------------------------------------------
CS240 - Midterm 1: emptyLineCount. brow1325 Fri Feb 3 15:08:10 EST 2017  Total:  5 of 30



-------------------------------------------------
CS240 Midterm 1: emptyLineCount. brow1325   
Fri Feb  3 15:08:53 EST 2017
-------------------------------------------------
task29  : test1                          0   of 5  
task29  : test2                          0   of 5  
task29  : test3                          0   of 5  
task29  : test4                          5   of 5  
task29  : test5                          0   of 5  
task29  : test6                          0   of 5  
-------------------------------------------------
CS240 - Midterm 1: emptyLineCount. brow1325 Fri Feb 3 15:08:53 EST 2017  Total:  5 of 30



-------------------------------------------------
CS240 Midterm 1: emptyLineCount. brow1325   
Fri Feb  3 15:10:05 EST 2017
-------------------------------------------------
task29  : test1                          0   of 5  
task29  : test2                          0   of 5  
task29  : test3                          5   of 5  
task29  : test4                          5   of 5  
task29  : test5                          0   of 5  
task29  : test6                          5   of 5  
-------------------------------------------------
CS240 - Midterm 1: emptyLineCount. brow1325 Fri Feb 3 15:10:05 EST 2017  Total:  15 of 30



-------------------------------------------------
CS240 Midterm 1: emptyLineCount. brow1325   
Fri Feb  3 15:12:46 EST 2017
-------------------------------------------------
task29  : test1                          0   of 5  
task29  : test2                          0   of 5  
task29  : test3                          0   of 5  
task29  : test4                          5   of 5  
task29  : test5                          5   of 5  
task29  : test6                          5   of 5  
-------------------------------------------------
CS240 - Midterm 1: emptyLineCount. brow1325 Fri Feb 3 15:12:46 EST 2017  Total:  15 of 30



-------------------------------------------------
CS240 Midterm 1: emptyLineCount. brow1325   
Fri Feb  3 15:14:47 EST 2017
-------------------------------------------------
task29  : test1                          0   of 5  
task29  : test2                          0   of 5  
task29  : test3                          0   of 5  
task29  : test4                          5   of 5  
task29  : test5                          5   of 5  
task29  : test6                          5   of 5  
-------------------------------------------------
CS240 - Midterm 1: emptyLineCount. brow1325 Fri Feb 3 15:14:47 EST 2017  Total:  15 of 30



-------------------------------------------------
CS240 Midterm 1: emptyLineCount. brow1325   
Tue Feb  7 20:53:01 EST 2017
-------------------------------------------------
task29  : test1                          0   of 5  
task29  : test2                          0   of 5  
task29  : test3                          0   of 5  
task29  : test4                          0   of 5  
task29  : test5                          0   of 5  
task29  : test6                          0   of 5  
-------------------------------------------------
CS240 - Midterm 1: emptyLineCount. brow1325 Tue Feb 7 20:53:01 EST 2017  Total:  0 of 30



-------------------------------------------------
CS240 Midterm 1: emptyLineCount. brow1325   
Tue Feb  7 20:57:03 EST 2017
-------------------------------------------------
task29  : test1                          0   of 5  
task29  : test2                          5   of 5  
task29  : test3                          0   of 5  
task29  : test4                          0   of 5  
task29  : test5                          0   of 5  
task29  : test6                          0   of 5  
-------------------------------------------------
CS240 - Midterm 1: emptyLineCount. brow1325 Tue Feb 7 20:57:03 EST 2017  Total:  5 of 30



-------------------------------------------------
CS240 Midterm 1: emptyLineCount. brow1325   
Tue Feb  7 21:08:39 EST 2017
-------------------------------------------------
task29  : test1                          0   of 5  
task29  : test2                          0   of 5  
task29  : test3                          0   of 5  
task29  : test4                          5   of 5  
task29  : test5                          0   of 5  
task29  : test6                          5   of 5  
-------------------------------------------------
CS240 - Midterm 1: emptyLineCount. brow1325 Tue Feb 7 21:08:39 EST 2017  Total:  10 of 30



-------------------------------------------------
CS240 Midterm 1: emptyLineCount. brow1325   
Tue Feb  7 21:11:10 EST 2017
-------------------------------------------------
task29  : test1                          0   of 5  
task29  : test2                          0   of 5  
task29  : test3                          0   of 5  
task29  : test4                          5   of 5  
task29  : test5                          0   of 5  
task29  : test6                          5   of 5  
-------------------------------------------------
CS240 - Midterm 1: emptyLineCount. brow1325 Tue Feb 7 21:11:10 EST 2017  Total:  10 of 30



-------------------------------------------------
CS240 Midterm 1: emptyLineCount. brow1325   
Tue Feb  7 21:15:44 EST 2017
-------------------------------------------------
task29  : test1                          0   of 5  
task29  : test2                          0   of 5  
task29  : test3                          0   of 5  
task29  : test4                          5   of 5  
task29  : test5                          0   of 5  
task29  : test6                          5   of 5  
-------------------------------------------------
CS240 - Midterm 1: emptyLineCount. brow1325 Tue Feb 7 21:15:44 EST 2017  Total:  10 of 30



-------------------------------------------------
CS240 Midterm 1: emptyLineCount. brow1325   
Tue Feb  7 21:16:57 EST 2017
-------------------------------------------------
task29  : test1                          0   of 5  
task29  : test2                          5   of 5  
task29  : test3                          0   of 5  
task29  : test4                          5   of 5  
task29  : test5                          0   of 5  
task29  : test6                          0   of 5  
-------------------------------------------------
CS240 - Midterm 1: emptyLineCount. brow1325 Tue Feb 7 21:16:57 EST 2017  Total:  10 of 30



-------------------------------------------------
CS240 Midterm 1: emptyLineCount. brow1325   
Tue Feb  7 21:17:38 EST 2017
-------------------------------------------------
task29  : test1                          0   of 5  
task29  : test2                          5   of 5  
task29  : test3                          0   of 5  
task29  : test4                          5   of 5  
task29  : test5                          0   of 5  
task29  : test6                          0   of 5  
-------------------------------------------------
CS240 - Midterm 1: emptyLineCount. brow1325 Tue Feb 7 21:17:38 EST 2017  Total:  10 of 30



-------------------------------------------------
CS240 Midterm 1: emptyLineCount. brow1325   
Tue Feb  7 21:18:13 EST 2017
-------------------------------------------------
task29  : test1                          0   of 5  
task29  : test2                          0   of 5  
task29  : test3                          0   of 5  
task29  : test4                          5   of 5  
task29  : test5                          0   of 5  
task29  : test6                          5   of 5  
-------------------------------------------------
CS240 - Midterm 1: emptyLineCount. brow1325 Tue Feb 7 21:18:13 EST 2017  Total:  10 of 30



-------------------------------------------------
CS240 Midterm 1: emptyLineCount. brow1325   
Tue Feb  7 21:19:21 EST 2017
-------------------------------------------------
task29  : test1                          0   of 5  
task29  : test2                          0   of 5  
task29  : test3                          0   of 5  
task29  : test4                          5   of 5  
task29  : test5                          0   of 5  
task29  : test6                          0   of 5  
-------------------------------------------------
CS240 - Midterm 1: emptyLineCount. brow1325 Tue Feb 7 21:19:21 EST 2017  Total:  5 of 30



-------------------------------------------------
CS240 Midterm 1: emptyLineCount. brow1325   
Tue Feb  7 21:29:35 EST 2017
-------------------------------------------------
task29  : test1                          0   of 5  
task29  : test2                          5   of 5  
task29  : test3                          0   of 5  
task29  : test4                          5   of 5  
task29  : test5                          0   of 5  
task29  : test6                          0   of 5  
-------------------------------------------------
CS240 - Midterm 1: emptyLineCount. brow1325 Tue Feb 7 21:29:35 EST 2017  Total:  10 of 30



-------------------------------------------------
CS240 Midterm 1: emptyLineCount. brow1325   
Tue Feb  7 21:30:37 EST 2017
-------------------------------------------------
task29  : test1                          5   of 5  
task29  : test2                          0   of 5  
task29  : test3                          5   of 5  
task29  : test4                          0   of 5  
task29  : test5                          5   of 5  
task29  : test6                          5   of 5  
-------------------------------------------------
CS240 - Midterm 1: emptyLineCount. brow1325 Tue Feb 7 21:30:37 EST 2017  Total:  20 of 30



-------------------------------------------------
CS240 Midterm 1: emptyLineCount. brow1325   
Tue Feb  7 21:31:53 EST 2017
-------------------------------------------------
task29  : test1                          0   of 5  
task29  : test2                          0   of 5  
task29  : test3                          0   of 5  
task29  : test4                          5   of 5  
task29  : test5                          0   of 5  
task29  : test6                          0   of 5  
-------------------------------------------------
CS240 - Midterm 1: emptyLineCount. brow1325 Tue Feb 7 21:31:53 EST 2017  Total:  5 of 30



-------------------------------------------------
CS240 Midterm 1: emptyLineCount. brow1325   
Tue Feb  7 21:32:06 EST 2017
-------------------------------------------------
task29  : test1                          0   of 5  
task29  : test2                          0   of 5  
task29  : test3                          0   of 5  
task29  : test4                          5   of 5  
task29  : test5                          0   of 5  
task29  : test6                          0   of 5  
-------------------------------------------------
CS240 - Midterm 1: emptyLineCount. brow1325 Tue Feb 7 21:32:06 EST 2017  Total:  5 of 30



-------------------------------------------------
CS240 Midterm 1: emptyLineCount. brow1325   
Tue Feb  7 21:32:28 EST 2017
-------------------------------------------------
task29  : test1                          0   of 5  
task29  : test2                          5   of 5  
task29  : test3                          0   of 5  
task29  : test4                          5   of 5  
task29  : test5                          0   of 5  
task29  : test6                          0   of 5  
-------------------------------------------------
CS240 - Midterm 1: emptyLineCount. brow1325 Tue Feb 7 21:32:28 EST 2017  Total:  10 of 30



-------------------------------------------------
CS240 Midterm 1: emptyLineCount. brow1325   
Tue Feb  7 21:36:01 EST 2017
-------------------------------------------------
task29  : test1                          5   of 5  
task29  : test2                          0   of 5  
task29  : test3                          0   of 5  
task29  : test4                          5   of 5  
task29  : test5                          0   of 5  
task29  : test6                          5   of 5  
-------------------------------------------------
CS240 - Midterm 1: emptyLineCount. brow1325 Tue Feb 7 21:36:01 EST 2017  Total:  15 of 30



-------------------------------------------------
CS240 Midterm 1: emptyLineCount. brow1325   
Tue Feb  7 21:36:50 EST 2017
-------------------------------------------------
task29  : test1                          0   of 5  
task29  : test2                          5   of 5  
task29  : test3                          0   of 5  
task29  : test4                          5   of 5  
task29  : test5                          0   of 5  
task29  : test6                          0   of 5  
-------------------------------------------------
CS240 - Midterm 1: emptyLineCount. brow1325 Tue Feb 7 21:36:50 EST 2017  Total:  10 of 30



-------------------------------------------------
CS240 Midterm 1: emptyLineCount. brow1325   
Tue Feb  7 21:46:19 EST 2017
-------------------------------------------------
task29  : test1                          5   of 5  
task29  : test2                          0   of 5  
task29  : test3                          5   of 5  
task29  : test4                          0   of 5  
task29  : test5                          5   of 5  
task29  : test6                          5   of 5  
-------------------------------------------------
CS240 - Midterm 1: emptyLineCount. brow1325 Tue Feb 7 21:46:19 EST 2017  Total:  20 of 30



-------------------------------------------------
CS240 Midterm 1: emptyLineCount. brow1325   
Tue Feb  7 21:47:49 EST 2017
-------------------------------------------------
task29  : test1                          5   of 5  
task29  : test2                          0   of 5  
task29  : test3                          0   of 5  
task29  : test4                          5   of 5  
task29  : test5                          5   of 5  
task29  : test6                          5   of 5  
-------------------------------------------------
CS240 - Midterm 1: emptyLineCount. brow1325 Tue Feb 7 21:47:49 EST 2017  Total:  20 of 30



-------------------------------------------------
CS240 Midterm 1: emptyLineCount. brow1325   
Tue Feb  7 21:52:07 EST 2017
-------------------------------------------------
task29  : test1                          5   of 5  
task29  : test2                          0   of 5  
task29  : test3                          0   of 5  
task29  : test4                          5   of 5  
task29  : test5                          5   of 5  
task29  : test6                          5   of 5  
-------------------------------------------------
CS240 - Midterm 1: emptyLineCount. brow1325 Tue Feb 7 21:52:07 EST 2017  Total:  20 of 30



-------------------------------------------------
CS240 Midterm 1: emptyLineCount. brow1325   
Tue Feb  7 22:58:51 EST 2017
-------------------------------------------------
task29  : test1                          5   of 5  
task29  : test2                          0   of 5  
task29  : test3                          0   of 5  
task29  : test4                          5   of 5  
task29  : test5                          5   of 5  
task29  : test6                          5   of 5  
-------------------------------------------------
CS240 - Midterm 1: emptyLineCount. brow1325 Tue Feb 7 22:58:51 EST 2017  Total:  20 of 30



-------------------------------------------------
CS240 Midterm 1: emptyLineCount. brow1325   
Thu Feb  9 11:55:02 EST 2017
-------------------------------------------------
task29  : test1                          5   of 5  
task29  : test2                          0   of 5  
task29  : test3                          0   of 5  
task29  : test4                          5   of 5  
task29  : test5                          5   of 5  
task29  : test6                          5   of 5  
-------------------------------------------------
CS240 - Midterm 1: emptyLineCount. brow1325 Thu Feb 9 11:55:02 EST 2017  Total:  20 of 30

