CS240: Exam3. pheldrin Fri Dec 11 00:41:36 EST 2015  Total:  6 of 25
6
25
CS240: Exam3. pheldrin Fri Dec 11 00:44:50 EST 2015  Total:  25 of 25
25
25
CS240: Exam3. pheldrin Fri Dec 11 00:44:56 EST 2015  Total:  25 of 25
25
25
CS240: Exam3. pheldrin Sun Dec 13 21:19:35 EST 2015  Total:  25 of 25
25
25
CS240: Exam3. pheldrin Sun Dec 13 21:20:11 EST 2015  Total:  25 of 25
25
25
CS240: Exam3. pheldrin Sun Dec 13 21:20:31 EST 2015  Total:  25 of 25
25
25
CS240: Exam3. pheldrin Sun Dec 13 21:39:46 EST 2015  Total:  0 of 25
0
25
CS240: Exam3. pheldrin Sun Dec 13 21:45:11 EST 2015  Total:  0 of 25
0
25
CS240: Exam3. pheldrin Sun Dec 13 21:45:36 EST 2015  Total:  0 of 25
0
25
CS240: Exam3. pheldrin Sun Dec 13 21:46:04 EST 2015  Total:  0 of 25
0
25
CS240: Exam3. brow1325 Sun Apr 30 18:50:07 EDT 2017  Total:  0 of 25
0
25
CS240: Exam3. brow1325 Sun Apr 30 18:56:14 EDT 2017  Total:  0 of 25
0
25
CS240: Exam3. brow1325 Sun Apr 30 19:01:39 EDT 2017  Total:  6 of 25
6
25
CS240: Exam3. brow1325 Sun Apr 30 19:12:01 EDT 2017  Total:  9 of 25
9
25
CS240: Exam3. brow1325 Sun Apr 30 19:12:39 EDT 2017  Total:  12 of 25
12
25
CS240: Exam3. brow1325 Sun Apr 30 19:15:21 EDT 2017  Total:  18 of 25
18
25
CS240: Exam3. brow1325 Sun Apr 30 19:41:05 EDT 2017  Total:  18 of 25
18
25
CS240: Exam3. brow1325 Sun Apr 30 19:49:45 EDT 2017  Total:  18 of 25
18
25
CS240: Exam3. brow1325 Sun Apr 30 19:54:13 EDT 2017  Total:  18 of 25
18
25
CS240: Exam3. brow1325 Sun Apr 30 20:02:29 EDT 2017  Total:  18 of 25
18
25
CS240: Exam3. brow1325 Sun Apr 30 20:02:55 EDT 2017  Total:  18 of 25
18
25
CS240: Exam3. brow1325 Sun Apr 30 20:05:56 EDT 2017  Total:  18 of 25
18
25
CS240: Exam3. brow1325 Mon May 1 02:27:51 EDT 2017  Total:  18 of 25
18
25
CS240: Exam3. brow1325 Mon May 1 02:28:25 EDT 2017  Total:  18 of 25
18
25
CS240: Exam3. brow1325 Mon May 1 02:30:09 EDT 2017  Total:  18 of 25
18
25
CS240: Exam3. brow1325 Mon May 1 02:31:20 EDT 2017  Total:  25 of 25
25
25
CS240: Exam3. brow1325 Mon May 1 02:31:30 EDT 2017  Total:  25 of 25
25
25
