CS240: Exam2. pheldrin Fri Oct 16 02:35:47 EDT 2015  Total:  24 of 24
24
24
CS240: Exam2. pheldrin Fri Oct 16 02:36:21 EDT 2015  Total:  24 of 24
24
24
CS240: Exam2. pheldrin Fri Oct 16 02:36:43 EDT 2015  Total:  24 of 24
24
24
CS240: Exam2. pheldrin Sun Oct 18 00:27:35 EDT 2015  Total:  24 of 24
24
24
CS240: Exam2. pheldrin Sun Oct 18 16:37:54 EDT 2015  Total:  24 of 24
24
24
CS240: Exam2. pheldrin Sun Oct 18 16:38:34 EDT 2015  Total:  24 of 24
24
24
CS240: Exam2. pheldrin Sun Oct 18 16:38:55 EDT 2015  Total:  24 of 24
24
24
CS240: Exam2. pheldrin Sun Oct 18 16:39:20 EDT 2015  Total:  24 of 24
24
24
CS240: Exam2. pheldrin Sun Oct 18 16:39:38 EDT 2015  Total:  24 of 24
24
24
CS240: Exam2. pheldrin Sun Oct 18 17:36:05 EDT 2015  Total:  24 of 24
24
24
CS240: Exam2. pheldrin Sun Oct 18 19:29:30 EDT 2015  Total:  24 of 24
24
24
CS240: Exam2. pheldrin Sun Oct 18 19:41:04 EDT 2015  Total:  24 of 24
24
24
CS240: Exam2. pheldrin Mon Oct 19 00:08:22 EDT 2015  Total:  24 of 24
24
24
CS240: Exam2. cs240 Mon Oct 19 02:25:22 EDT 2015  Total:  24 of 24
24
24
CS240: Exam2. cs240 Mon Oct 19 02:27:00 EDT 2015  Total:  24 of 24
24
24
CS240: Exam2. cs240 Mon Oct 19 02:27:09 EDT 2015  Total:  26 of 26
26
26
CS240: Exam2. cs240 Mon Oct 19 02:27:34 EDT 2015  Total:  30 of 30
30
30
CS240: Exam2. cs240 Mon Oct 19 02:27:53 EDT 2015  Total:  30 of 30
30
30
CS240: Exam2. cs240 Mon Oct 19 02:28:29 EDT 2015  Total:  20 of 20
20
20
CS240: Exam2. cs240 Mon Oct 19 04:35:36 EDT 2015  Total:  20 of 20
20
20
CS240: Exam2. cs240 Mon Oct 19 04:43:03 EDT 2015  Total:  0 of 20
0
20
CS240: Exam2. cs240 Mon Oct 19 04:44:19 EDT 2015  Total:  0 of 20
0
20
CS240: Exam2. cs240 Mon Oct 19 04:48:00 EDT 2015  Total:  0 of 20
0
20
CS240: Exam2. cs240 Mon Oct 19 04:53:57 EDT 2015  Total:  0 of 20
0
20
CS240: Exam2. cs240 Mon Oct 19 12:58:09 EDT 2015  Total:  0 of 20
0
20
CS240: Exam2. cs240 Mon Mar 6 22:13:34 EST 2017  Total:  0 of 20
0
20
CS240: Exam2. brow1325 Wed Mar 22 23:08:38 EDT 2017  Total:  0 of 20
0
20
CS240: Exam2. brow1325 Thu Mar 23 17:09:06 EDT 2017  Total:  5 of 20
5
20
CS240: Exam2. brow1325 Thu Mar 23 17:45:25 EDT 2017  Total:  10 of 20
10
20
CS240: Exam2. brow1325 Thu Mar 23 17:56:50 EDT 2017  Total:  10 of 20
10
20
CS240: Exam2. brow1325 Thu Mar 23 18:00:32 EDT 2017  Total:  15 of 20
15
20
CS240: Exam2. brow1325 Thu Mar 23 18:14:51 EDT 2017  Total:  15 of 20
15
20
CS240: Exam2. brow1325 Thu Mar 23 18:17:02 EDT 2017  Total:  15 of 20
15
20
CS240: Exam2. brow1325 Thu Mar 23 18:19:31 EDT 2017  Total:  15 of 20
15
20
CS240: Exam2. brow1325 Thu Mar 23 18:47:05 EDT 2017  Total:  15 of 20
15
20
CS240: Exam2. brow1325 Fri Mar 24 12:26:41 EDT 2017  Total:  15 of 20
15
20
CS240: Exam2. brow1325 Fri Mar 24 12:38:49 EDT 2017  Total:  15 of 20
15
20
