CS240: lab6. cs240 Tue Mar 31 00:09:52 EDT 2015  Total:  0 of 12

CS240: lab6. cs240 Tue Mar 31 00:10:08 EDT 2015  Total:  12 of 12

CS240: lab6. cs240 Tue Mar 31 00:11:07 EDT 2015  Total:  0 of 12

CS240: lab6. cs240 Tue Mar 31 00:11:39 EDT 2015  Total:  0 of 12

CS240: lab6. cs240 Tue Mar 31 00:13:58 EDT 2015  Total:  0 of 12

CS240: lab6. cs240 Mon Apr 13 14:14:57 EDT 2015  Total:  0 of 62

CS240: lab10. cs240 Sun Apr 2 19:37:56 EDT 2017  Total:  0 of 50

CS240: lab10. cs240 Sun Apr 2 19:40:33 EDT 2017  Total:  0 of 50

CS240: lab10. brow1325 Thu Apr 13 22:36:08 EDT 2017  Total:  0 of 50

CS240: lab10. brow1325 Fri Apr 14 09:58:51 EDT 2017  Total:  0 of 50

CS240: lab10. brow1325 Fri Apr 14 10:00:11 EDT 2017  Total:  0 of 50

CS240: lab10. brow1325 Fri Apr 14 13:15:27 EDT 2017  Total:  0 of 50

CS240: lab10. brow1325 Fri Apr 14 13:27:38 EDT 2017  Total:  0 of 50

CS240: lab10. brow1325 Fri Apr 14 13:38:43 EDT 2017  Total:  0 of 50

CS240: lab10. brow1325 Fri Apr 14 13:42:11 EDT 2017  Total:  0 of 50

CS240: lab10. brow1325 Fri Apr 14 13:54:29 EDT 2017  Total:  0 of 50

CS240: lab10. brow1325 Fri Apr 14 14:17:17 EDT 2017  Total:  25 of 50

CS240: lab10. brow1325 Fri Apr 14 14:21:21 EDT 2017  Total:  35 of 50

CS240: lab10. brow1325 Fri Apr 14 14:24:51 EDT 2017  Total:  50 of 50

CS240: lab10. brow1325 Fri Apr 14 14:27:01 EDT 2017  Total:  50 of 50

CS240: lab10. brow1325 Fri Apr 28 14:34:21 EDT 2017  Total:  50 of 50

