CS240: Exam2. cs240 Sun Oct 18 21:19:21 EDT 2015  Total:  0 of 20
0
20
CS240: Exam2. cs240 Sun Oct 18 21:20:20 EDT 2015  Total:  20 of 20
20
20
CS240: Exam2. cs240 Sun Oct 18 21:20:42 EDT 2015  Total:  20 of 20
20
20
CS240: Exam2. cs240 Mon Oct 19 02:25:22 EDT 2015  Total:  20 of 20
20
20
CS240: Exam2. cs240 Mon Oct 19 02:28:29 EDT 2015  Total:  20 of 20
20
20
CS240: Exam2. cs240 Mon Oct 19 04:44:10 EDT 2015  Total:  0 of 20
0
20
CS240: Exam2. cs240 Mon Oct 19 04:44:20 EDT 2015  Total:  0 of 20
0
20
CS240: Exam2. cs240 Mon Oct 19 04:48:00 EDT 2015  Total:  0 of 20
0
20
CS240: Exam2. cs240 Mon Oct 19 04:53:57 EDT 2015  Total:  0 of 20
0
20
CS240: Exam2. cs240 Mon Oct 19 12:58:22 EDT 2015  Total:  0 of 20
0
20
CS240: Exam2. cs240 Mon Mar 6 22:13:35 EST 2017  Total:  0 of 20
0
20
CS240: Exam2. brow1325 Wed Mar 22 23:08:38 EDT 2017  Total:  0 of 20
0
20
CS240: Exam2. brow1325 Thu Mar 23 18:32:01 EDT 2017  Total:  0 of 20
0
20
CS240: Exam2. brow1325 Thu Mar 23 18:32:51 EDT 2017  Total:  0 of 20
0
20
CS240: Exam2. brow1325 Thu Mar 23 18:36:08 EDT 2017  Total:  0 of 20
0
20
CS240: Exam2. brow1325 Thu Mar 23 18:46:08 EDT 2017  Total:  0 of 20
0
20
CS240: Exam2. brow1325 Thu Mar 23 18:47:05 EDT 2017  Total:  0 of 20
0
20
CS240: Exam2. brow1325 Fri Mar 24 12:26:42 EDT 2017  Total:  0 of 20
0
20
CS240: Exam2. brow1325 Fri Mar 24 12:37:17 EDT 2017  Total:  7 of 20
7
20
CS240: Exam2. brow1325 Fri Mar 24 12:38:38 EDT 2017  Total:  20 of 20
20
20
CS240: Exam2. brow1325 Fri Mar 24 12:38:49 EDT 2017  Total:  20 of 20
20
20
